<?xml version="1.0" encoding="UTF-8"?>
  <testsuite name="ClusterLoaderV2" tests="0" failures="6" errors="0" time="52.003">
      <testcase name="vanilla overall (use-case/config.yaml)" classname="ClusterLoaderV2" time="17.321046032">
          <failure type="Failure">:0&#xA;[measurement call SchedulingThroughput - DirectSchedulingThroughput error: scheduler throughput: actual throughput 147.000000 lower than threshold 400.000000]&#xA;:0</failure>
      </testcase>
      <testcase name="vanilla: [step: 01] Creating scheduler throughput measurements [00] - DirectSchedulingThroughput" classname="ClusterLoaderV2" time="0.0544253"></testcase>
      <testcase name="vanilla: [step: 01] Creating scheduler throughput measurements [01] - APIAvailability" classname="ClusterLoaderV2" time="0.004062167"></testcase>
      <testcase name="vanilla: [step: 01] Creating scheduler throughput measurements [02] - APIResponsivenessPrometheus" classname="ClusterLoaderV2" time="0.003790036"></testcase>
      <testcase name="vanilla: [step: 01] Creating scheduler throughput measurements [03] - SchedulingMetrics" classname="ClusterLoaderV2" time="0.029651149"></testcase>
      <testcase name="vanilla: [step: 01] Creating scheduler throughput measurements [04] - SchedulingThroughputPrometheus" classname="ClusterLoaderV2" time="0.00367975"></testcase>
      <testcase name="vanilla: [step: 01] Creating scheduler throughput measurements [05] - GatekeeperValidationRequestDuration" classname="ClusterLoaderV2" time="0.003717186"></testcase>
      <testcase name="vanilla: [step: 01] Creating scheduler throughput measurements [06] - GatekeeperMutationRequestDuration" classname="ClusterLoaderV2" time="0.004030069"></testcase>
      <testcase name="vanilla: [step: 02] create scheduler throughput pods" classname="ClusterLoaderV2" time="1.05918241"></testcase>
      <testcase name="vanilla: [step: 03] Waiting for scheduler throughput pods to be created [00] - WaitForDirectSchedulerThroughputPods" classname="ClusterLoaderV2" time="5.052439969"></testcase>
      <testcase name="vanilla: [step: 04] Collecting scheduler throughput measurements [00] - APIAvailability" classname="ClusterLoaderV2" time="0.001268347"></testcase>
      <testcase name="vanilla: [step: 04] Collecting scheduler throughput measurements [01] - APIResponsivenessPrometheus" classname="ClusterLoaderV2" time="0.036620099"></testcase>
      <testcase name="vanilla: [step: 04] Collecting scheduler throughput measurements [02] - SchedulingMetrics" classname="ClusterLoaderV2" time="0.024003447"></testcase>
      <testcase name="vanilla: [step: 04] Collecting scheduler throughput measurements [03] - DirectSchedulingThroughput" classname="ClusterLoaderV2" time="0.001018429">
          <failure type="Failure">:0&#xA;[measurement call SchedulingThroughput - DirectSchedulingThroughput error: scheduler throughput: actual throughput 147.000000 lower than threshold 400.000000]&#xA;:0</failure>
      </testcase>
      <testcase name="vanilla: [step: 04] Collecting scheduler throughput measurements [04] - SchedulingThroughputPrometheus" classname="ClusterLoaderV2" time="0.007878574"></testcase>
      <testcase name="vanilla: [step: 04] Collecting scheduler throughput measurements [05] - GatekeeperValidationRequestDuration" classname="ClusterLoaderV2" time="0.013067995"></testcase>
      <testcase name="vanilla: [step: 04] Collecting scheduler throughput measurements [06] - GatekeeperMutationRequestDuration" classname="ClusterLoaderV2" time="0.013711016"></testcase>
      <testcase name="vanilla: [step: 04] Collecting scheduler throughput measurements [07] - GatekeeperConstraintTemplateIngestionDuration" classname="ClusterLoaderV2" time="0.000900812"></testcase>
      <testcase name="vanilla: [step: 05] Delete scheduler throughput pods" classname="ClusterLoaderV2" time="1.069189759"></testcase>
      <testcase name="pod-sensitive overall (use-case/config.yaml)" classname="ClusterLoaderV2" time="17.380136849">
          <failure type="Failure">:0&#xA;[measurement call SchedulingThroughput - DirectSchedulingThroughput error: scheduler throughput: actual throughput 146.000000 lower than threshold 400.000000]&#xA;:0</failure>
      </testcase>
      <testcase name="pod-sensitive: [step: 01] Creating scheduler throughput measurements [00] - DirectSchedulingThroughput" classname="ClusterLoaderV2" time="0.052093828"></testcase>
      <testcase name="pod-sensitive: [step: 01] Creating scheduler throughput measurements [01] - APIAvailability" classname="ClusterLoaderV2" time="0.00081391"></testcase>
      <testcase name="pod-sensitive: [step: 01] Creating scheduler throughput measurements [02] - APIResponsivenessPrometheus" classname="ClusterLoaderV2" time="0.000833309"></testcase>
      <testcase name="pod-sensitive: [step: 01] Creating scheduler throughput measurements [03] - SchedulingMetrics" classname="ClusterLoaderV2" time="0.031000208"></testcase>
      <testcase name="pod-sensitive: [step: 01] Creating scheduler throughput measurements [04] - SchedulingThroughputPrometheus" classname="ClusterLoaderV2" time="0.000710824"></testcase>
      <testcase name="pod-sensitive: [step: 01] Creating scheduler throughput measurements [05] - GatekeeperValidationRequestDuration" classname="ClusterLoaderV2" time="0.000874241"></testcase>
      <testcase name="pod-sensitive: [step: 01] Creating scheduler throughput measurements [06] - GatekeeperMutationRequestDuration" classname="ClusterLoaderV2" time="0.000891567"></testcase>
      <testcase name="pod-sensitive: [step: 02] create scheduler throughput pods" classname="ClusterLoaderV2" time="1.061754793"></testcase>
      <testcase name="pod-sensitive: [step: 03] Waiting for scheduler throughput pods to be created [00] - WaitForDirectSchedulerThroughputPods" classname="ClusterLoaderV2" time="5.052265608"></testcase>
      <testcase name="pod-sensitive: [step: 04] Collecting scheduler throughput measurements [00] - APIAvailability" classname="ClusterLoaderV2" time="0.001382458"></testcase>
      <testcase name="pod-sensitive: [step: 04] Collecting scheduler throughput measurements [01] - APIResponsivenessPrometheus" classname="ClusterLoaderV2" time="0.040643697"></testcase>
      <testcase name="pod-sensitive: [step: 04] Collecting scheduler throughput measurements [02] - SchedulingMetrics" classname="ClusterLoaderV2" time="0.020375515"></testcase>
      <testcase name="pod-sensitive: [step: 04] Collecting scheduler throughput measurements [03] - DirectSchedulingThroughput" classname="ClusterLoaderV2" time="0.000919439">
          <failure type="Failure">:0&#xA;[measurement call SchedulingThroughput - DirectSchedulingThroughput error: scheduler throughput: actual throughput 146.000000 lower than threshold 400.000000]&#xA;:0</failure>
      </testcase>
      <testcase name="pod-sensitive: [step: 04] Collecting scheduler throughput measurements [04] - SchedulingThroughputPrometheus" classname="ClusterLoaderV2" time="0.00647962"></testcase>
      <testcase name="pod-sensitive: [step: 04] Collecting scheduler throughput measurements [05] - GatekeeperValidationRequestDuration" classname="ClusterLoaderV2" time="0.013192191"></testcase>
      <testcase name="pod-sensitive: [step: 04] Collecting scheduler throughput measurements [06] - GatekeeperMutationRequestDuration" classname="ClusterLoaderV2" time="0.01316449"></testcase>
      <testcase name="pod-sensitive: [step: 04] Collecting scheduler throughput measurements [07] - GatekeeperConstraintTemplateIngestionDuration" classname="ClusterLoaderV2" time="0.001076977"></testcase>
      <testcase name="pod-sensitive: [step: 05] Delete scheduler throughput pods" classname="ClusterLoaderV2" time="1.100216212"></testcase>
      <testcase name="pod-unhandened overall (use-case/config.yaml)" classname="ClusterLoaderV2" time="17.295878812">
          <failure type="Failure">:0&#xA;[measurement call SchedulingThroughput - DirectSchedulingThroughput error: scheduler throughput: actual throughput 147.000000 lower than threshold 400.000000]&#xA;:0</failure>
      </testcase>
      <testcase name="pod-unhandened: [step: 01] Creating scheduler throughput measurements [00] - DirectSchedulingThroughput" classname="ClusterLoaderV2" time="0.051484256"></testcase>
      <testcase name="pod-unhandened: [step: 01] Creating scheduler throughput measurements [01] - APIAvailability" classname="ClusterLoaderV2" time="0.0008798"></testcase>
      <testcase name="pod-unhandened: [step: 01] Creating scheduler throughput measurements [02] - APIResponsivenessPrometheus" classname="ClusterLoaderV2" time="0.001006962"></testcase>
      <testcase name="pod-unhandened: [step: 01] Creating scheduler throughput measurements [03] - SchedulingMetrics" classname="ClusterLoaderV2" time="0.030370917"></testcase>
      <testcase name="pod-unhandened: [step: 01] Creating scheduler throughput measurements [04] - SchedulingThroughputPrometheus" classname="ClusterLoaderV2" time="0.001102566"></testcase>
      <testcase name="pod-unhandened: [step: 01] Creating scheduler throughput measurements [05] - GatekeeperValidationRequestDuration" classname="ClusterLoaderV2" time="0.000999651"></testcase>
      <testcase name="pod-unhandened: [step: 01] Creating scheduler throughput measurements [06] - GatekeeperMutationRequestDuration" classname="ClusterLoaderV2" time="0.000855613"></testcase>
      <testcase name="pod-unhandened: [step: 02] create scheduler throughput pods" classname="ClusterLoaderV2" time="1.063604554"></testcase>
      <testcase name="pod-unhandened: [step: 03] Waiting for scheduler throughput pods to be created [00] - WaitForDirectSchedulerThroughputPods" classname="ClusterLoaderV2" time="5.051844895"></testcase>
      <testcase name="pod-unhandened: [step: 04] Collecting scheduler throughput measurements [00] - APIAvailability" classname="ClusterLoaderV2" time="0.001691236"></testcase>
      <testcase name="pod-unhandened: [step: 04] Collecting scheduler throughput measurements [01] - APIResponsivenessPrometheus" classname="ClusterLoaderV2" time="0.034713288"></testcase>
      <testcase name="pod-unhandened: [step: 04] Collecting scheduler throughput measurements [02] - SchedulingMetrics" classname="ClusterLoaderV2" time="0.021864775"></testcase>
      <testcase name="pod-unhandened: [step: 04] Collecting scheduler throughput measurements [03] - DirectSchedulingThroughput" classname="ClusterLoaderV2" time="0.001551535">
          <failure type="Failure">:0&#xA;[measurement call SchedulingThroughput - DirectSchedulingThroughput error: scheduler throughput: actual throughput 147.000000 lower than threshold 400.000000]&#xA;:0</failure>
      </testcase>
      <testcase name="pod-unhandened: [step: 04] Collecting scheduler throughput measurements [04] - SchedulingThroughputPrometheus" classname="ClusterLoaderV2" time="0.006570688"></testcase>
      <testcase name="pod-unhandened: [step: 04] Collecting scheduler throughput measurements [05] - GatekeeperValidationRequestDuration" classname="ClusterLoaderV2" time="0.012496852"></testcase>
      <testcase name="pod-unhandened: [step: 04] Collecting scheduler throughput measurements [06] - GatekeeperMutationRequestDuration" classname="ClusterLoaderV2" time="0.011668019"></testcase>
      <testcase name="pod-unhandened: [step: 04] Collecting scheduler throughput measurements [07] - GatekeeperConstraintTemplateIngestionDuration" classname="ClusterLoaderV2" time="0.001350932"></testcase>
      <testcase name="pod-unhandened: [step: 05] Delete scheduler throughput pods" classname="ClusterLoaderV2" time="1.044484364"></testcase>
  </testsuite>