<?xml version="1.0" encoding="UTF-8"?>
  <testsuite name="ClusterLoaderV2" tests="0" failures="0" errors="0" time="76.266">
      <testcase name="vanilla overall (use-case/config.yaml)" classname="ClusterLoaderV2" time="25.440067866"></testcase>
      <testcase name="vanilla: [step: 01] Creating scheduler throughput measurements [00] - DirectSchedulerThroughputPodStartupLatency" classname="ClusterLoaderV2" time="0.105888701"></testcase>
      <testcase name="vanilla: [step: 01] Creating scheduler throughput measurements [01] - DirectSchedulingThroughput" classname="ClusterLoaderV2" time="0.055701385"></testcase>
      <testcase name="vanilla: [step: 02] create scheduler throughput pods" classname="ClusterLoaderV2" time="6.157211768"></testcase>
      <testcase name="vanilla: [step: 03] Waiting for scheduler throughput pods to be created [00] - WaitForDirectSchedulerThroughputPods" classname="ClusterLoaderV2" time="5.05384218"></testcase>
      <testcase name="vanilla: [step: 04] Collecting scheduler throughput measurements [00] - DirectSchedulerThroughputPodStartupLatency" classname="ClusterLoaderV2" time="0.020912673"></testcase>
      <testcase name="vanilla: [step: 04] Collecting scheduler throughput measurements [01] - DirectSchedulingThroughput" classname="ClusterLoaderV2" time="0.001177561"></testcase>
      <testcase name="vanilla: [step: 05] Delete scheduler throughput pods" classname="ClusterLoaderV2" time="4.028662744"></testcase>
      <testcase name="pod-uc1-tenant overall (use-case/multi-tenancy/config.yaml)" classname="ClusterLoaderV2" time="25.415173493"></testcase>
      <testcase name="pod-uc1-tenant: [step: 01] Creating scheduler throughput measurements [00] - DirectSchedulerThroughputPodStartupLatency" classname="ClusterLoaderV2" time="0.102165795"></testcase>
      <testcase name="pod-uc1-tenant: [step: 01] Creating scheduler throughput measurements [01] - DirectSchedulingThroughput" classname="ClusterLoaderV2" time="0.051983378"></testcase>
      <testcase name="pod-uc1-tenant: [step: 02] create scheduler throughput pods" classname="ClusterLoaderV2" time="6.155145725"></testcase>
      <testcase name="pod-uc1-tenant: [step: 03] Waiting for scheduler throughput pods to be created [00] - WaitForDirectSchedulerThroughputPods" classname="ClusterLoaderV2" time="5.052471395"></testcase>
      <testcase name="pod-uc1-tenant: [step: 04] Collecting scheduler throughput measurements [00] - DirectSchedulerThroughputPodStartupLatency" classname="ClusterLoaderV2" time="0.018172059"></testcase>
      <testcase name="pod-uc1-tenant: [step: 04] Collecting scheduler throughput measurements [01] - DirectSchedulingThroughput" classname="ClusterLoaderV2" time="0.001411757"></testcase>
      <testcase name="pod-uc1-tenant: [step: 05] Delete scheduler throughput pods" classname="ClusterLoaderV2" time="4.022082209"></testcase>
      <testcase name="pod-uc2-tenant overall (use-case/multi-tenancy/config.yaml)" classname="ClusterLoaderV2" time="25.40563804"></testcase>
      <testcase name="pod-uc2-tenant: [step: 01] Creating scheduler throughput measurements [00] - DirectSchedulerThroughputPodStartupLatency" classname="ClusterLoaderV2" time="0.101961582"></testcase>
      <testcase name="pod-uc2-tenant: [step: 01] Creating scheduler throughput measurements [01] - DirectSchedulingThroughput" classname="ClusterLoaderV2" time="0.051788643"></testcase>
      <testcase name="pod-uc2-tenant: [step: 02] create scheduler throughput pods" classname="ClusterLoaderV2" time="6.154037876"></testcase>
      <testcase name="pod-uc2-tenant: [step: 03] Waiting for scheduler throughput pods to be created [00] - WaitForDirectSchedulerThroughputPods" classname="ClusterLoaderV2" time="5.052722257"></testcase>
      <testcase name="pod-uc2-tenant: [step: 04] Collecting scheduler throughput measurements [00] - DirectSchedulerThroughputPodStartupLatency" classname="ClusterLoaderV2" time="0.024633682"></testcase>
      <testcase name="pod-uc2-tenant: [step: 04] Collecting scheduler throughput measurements [01] - DirectSchedulingThroughput" classname="ClusterLoaderV2" time="0.001146151"></testcase>
      <testcase name="pod-uc2-tenant: [step: 05] Delete scheduler throughput pods" classname="ClusterLoaderV2" time="4.016034028"></testcase>
  </testsuite>