<?xml version="1.0" encoding="UTF-8"?>
  <testsuite name="ClusterLoaderV2" tests="0" failures="9" errors="0" time="1908.009">
      <testcase name="vanilla overall (use-case/config.yaml)" classname="ClusterLoaderV2" time="1027.962371264">
          <failure type="Failure">:0&#xA;[measurement call WaitForRunningPods - WaitForDirectSchedulerThroughputPods error: got context deadline exceeded while waiting for 30000 pods to be running in labelSelector(group = direct-scheduler-throughput) - summary of pods : Pods: 30000 out of 30000 created, 18266 running (18266 updated), 3 pending scheduled, 11731 not scheduled, 0 inactive, 0 terminating, 0 unknown, 0 runningButNotReady &#xA;measurement call SchedulingThroughput - DirectSchedulingThroughput error: scheduler throughput: actual throughput 143.000000 lower than threshold 400.000000]&#xA;:0</failure>
      </testcase>
      <testcase name="vanilla: [step: 01] Creating scheduler throughput measurements [00] - DirectSchedulingThroughput" classname="ClusterLoaderV2" time="0.053591473"></testcase>
      <testcase name="vanilla: [step: 01] Creating scheduler throughput measurements [01] - APIAvailability" classname="ClusterLoaderV2" time="0.003323015"></testcase>
      <testcase name="vanilla: [step: 01] Creating scheduler throughput measurements [02] - APIResponsivenessPrometheus" classname="ClusterLoaderV2" time="0.003424734"></testcase>
      <testcase name="vanilla: [step: 01] Creating scheduler throughput measurements [03] - SchedulingMetrics" classname="ClusterLoaderV2" time="0.071961912"></testcase>
      <testcase name="vanilla: [step: 01] Creating scheduler throughput measurements [04] - SchedulingThroughputPrometheus" classname="ClusterLoaderV2" time="0.003166956"></testcase>
      <testcase name="vanilla: [step: 01] Creating scheduler throughput measurements [05] - GatekeeperValidationRequestDuration" classname="ClusterLoaderV2" time="0.003147036"></testcase>
      <testcase name="vanilla: [step: 01] Creating scheduler throughput measurements [06] - GatekeeperMutationRequestDuration" classname="ClusterLoaderV2" time="0.003441694"></testcase>
      <testcase name="vanilla: [step: 02] create scheduler throughput pods" classname="ClusterLoaderV2" time="67.1708482"></testcase>
      <testcase name="vanilla: [step: 03] Waiting for scheduler throughput pods to be created [00] - WaitForDirectSchedulerThroughputPods" classname="ClusterLoaderV2" time="300.035928704">
          <failure type="Failure">:0&#xA;[measurement call WaitForRunningPods - WaitForDirectSchedulerThroughputPods error: got context deadline exceeded while waiting for 30000 pods to be running in labelSelector(group = direct-scheduler-throughput) - summary of pods : Pods: 30000 out of 30000 created, 18266 running (18266 updated), 3 pending scheduled, 11731 not scheduled, 0 inactive, 0 terminating, 0 unknown, 0 runningButNotReady ]&#xA;:0</failure>
      </testcase>
      <testcase name="vanilla: [step: 04] Collecting scheduler throughput measurements [00] - APIAvailability" classname="ClusterLoaderV2" time="0.003268326"></testcase>
      <testcase name="vanilla: [step: 04] Collecting scheduler throughput measurements [01] - APIResponsivenessPrometheus" classname="ClusterLoaderV2" time="2.034196075"></testcase>
      <testcase name="vanilla: [step: 04] Collecting scheduler throughput measurements [02] - SchedulingMetrics" classname="ClusterLoaderV2" time="0.088206112"></testcase>
      <testcase name="vanilla: [step: 04] Collecting scheduler throughput measurements [03] - DirectSchedulingThroughput" classname="ClusterLoaderV2" time="0.003404955">
          <failure type="Failure">:0&#xA;[measurement call SchedulingThroughput - DirectSchedulingThroughput error: scheduler throughput: actual throughput 143.000000 lower than threshold 400.000000]&#xA;:0</failure>
      </testcase>
      <testcase name="vanilla: [step: 04] Collecting scheduler throughput measurements [04] - SchedulingThroughputPrometheus" classname="ClusterLoaderV2" time="0.772306658"></testcase>
      <testcase name="vanilla: [step: 04] Collecting scheduler throughput measurements [05] - GatekeeperValidationRequestDuration" classname="ClusterLoaderV2" time="1.492286245"></testcase>
      <testcase name="vanilla: [step: 04] Collecting scheduler throughput measurements [06] - GatekeeperMutationRequestDuration" classname="ClusterLoaderV2" time="1.492291745"></testcase>
      <testcase name="vanilla: [step: 04] Collecting scheduler throughput measurements [07] - GatekeeperConstraintTemplateIngestionDuration" classname="ClusterLoaderV2" time="0.003242926"></testcase>
      <testcase name="vanilla: [step: 05] Delete scheduler throughput pods" classname="ClusterLoaderV2" time="58.312266589"></testcase>
      <testcase name="pod-uc1-tenant overall (use-case/multi-tenancy/config.yaml)" classname="ClusterLoaderV2" time="436.720353732">
          <failure type="Failure">:0&#xA;[measurement call WaitForRunningPods - WaitForDirectSchedulerThroughputPods error: got context deadline exceeded while waiting for 30000 pods to be running in labelSelector(group = direct-scheduler-throughput) - summary of pods : Pods: 30000 out of 30000 created, 0 running (0 updated), 18282 pending scheduled, 11718 not scheduled, 0 inactive, 0 terminating, 0 unknown, 0 runningButNotReady &#xA;measurement call SchedulingThroughput - DirectSchedulingThroughput error: scheduler throughput: actual throughput 68.400000 lower than threshold 400.000000]&#xA;:0</failure>
      </testcase>
      <testcase name="pod-uc1-tenant: [step: 01] Creating scheduler throughput measurements [00] - DirectSchedulingThroughput" classname="ClusterLoaderV2" time="0.103368998"></testcase>
      <testcase name="pod-uc1-tenant: [step: 01] Creating scheduler throughput measurements [01] - APIAvailability" classname="ClusterLoaderV2" time="0.003012667"></testcase>
      <testcase name="pod-uc1-tenant: [step: 01] Creating scheduler throughput measurements [02] - APIResponsivenessPrometheus" classname="ClusterLoaderV2" time="0.002777558"></testcase>
      <testcase name="pod-uc1-tenant: [step: 01] Creating scheduler throughput measurements [03] - SchedulingMetrics" classname="ClusterLoaderV2" time="0.104881352"></testcase>
      <testcase name="pod-uc1-tenant: [step: 01] Creating scheduler throughput measurements [04] - SchedulingThroughputPrometheus" classname="ClusterLoaderV2" time="0.002771308"></testcase>
      <testcase name="pod-uc1-tenant: [step: 01] Creating scheduler throughput measurements [05] - GatekeeperValidationRequestDuration" classname="ClusterLoaderV2" time="0.002741629"></testcase>
      <testcase name="pod-uc1-tenant: [step: 01] Creating scheduler throughput measurements [06] - GatekeeperMutationRequestDuration" classname="ClusterLoaderV2" time="0.002912918"></testcase>
      <testcase name="pod-uc1-tenant: [step: 02] create scheduler throughput pods" classname="ClusterLoaderV2" time="67.299489265"></testcase>
      <testcase name="pod-uc1-tenant: [step: 03] Waiting for scheduler throughput pods to be created [00] - WaitForDirectSchedulerThroughputPods" classname="ClusterLoaderV2" time="300.029863959">
          <failure type="Failure">:0&#xA;[measurement call WaitForRunningPods - WaitForDirectSchedulerThroughputPods error: got context deadline exceeded while waiting for 30000 pods to be running in labelSelector(group = direct-scheduler-throughput) - summary of pods : Pods: 30000 out of 30000 created, 0 running (0 updated), 18282 pending scheduled, 11718 not scheduled, 0 inactive, 0 terminating, 0 unknown, 0 runningButNotReady ]&#xA;:0</failure>
      </testcase>
      <testcase name="pod-uc1-tenant: [step: 04] Collecting scheduler throughput measurements [00] - APIAvailability" classname="ClusterLoaderV2" time="0.002734308"></testcase>
      <testcase name="pod-uc1-tenant: [step: 04] Collecting scheduler throughput measurements [01] - APIResponsivenessPrometheus" classname="ClusterLoaderV2" time="0.597366358"></testcase>
      <testcase name="pod-uc1-tenant: [step: 04] Collecting scheduler throughput measurements [02] - SchedulingMetrics" classname="ClusterLoaderV2" time="0.163176226"></testcase>
      <testcase name="pod-uc1-tenant: [step: 04] Collecting scheduler throughput measurements [03] - DirectSchedulingThroughput" classname="ClusterLoaderV2" time="0.002736358">
          <failure type="Failure">:0&#xA;[measurement call SchedulingThroughput - DirectSchedulingThroughput error: scheduler throughput: actual throughput 68.400000 lower than threshold 400.000000]&#xA;:0</failure>
      </testcase>
      <testcase name="pod-uc1-tenant: [step: 04] Collecting scheduler throughput measurements [04] - SchedulingThroughputPrometheus" classname="ClusterLoaderV2" time="0.284452586"></testcase>
      <testcase name="pod-uc1-tenant: [step: 04] Collecting scheduler throughput measurements [05] - GatekeeperValidationRequestDuration" classname="ClusterLoaderV2" time="0.511236114"></testcase>
      <testcase name="pod-uc1-tenant: [step: 04] Collecting scheduler throughput measurements [06] - GatekeeperMutationRequestDuration" classname="ClusterLoaderV2" time="0.511462203"></testcase>
      <testcase name="pod-uc1-tenant: [step: 05] Delete scheduler throughput pods" classname="ClusterLoaderV2" time="58.348419364"></testcase>
      <testcase name="pod-uc2-tenant overall (use-case/multi-tenancy/config.yaml)" classname="ClusterLoaderV2" time="443.323300268">
          <failure type="Failure">:0&#xA;[measurement call WaitForRunningPods - WaitForDirectSchedulerThroughputPods error: got context deadline exceeded while waiting for 30000 pods to be running in labelSelector(group = direct-scheduler-throughput) - summary of pods : Pods: 30000 out of 30000 created, 0 running (0 updated), 7786 pending scheduled, 22214 not scheduled, 0 inactive, 20439 terminating, 0 unknown, 0 runningButNotReady &#xA;measurement call SchedulingThroughput - DirectSchedulingThroughput error: scheduler throughput: actual throughput 63.200000 lower than threshold 400.000000]&#xA;:0</failure>
      </testcase>
      <testcase name="pod-uc2-tenant: [step: 01] Creating scheduler throughput measurements [00] - DirectSchedulingThroughput" classname="ClusterLoaderV2" time="0.250857184"></testcase>
      <testcase name="pod-uc2-tenant: [step: 01] Creating scheduler throughput measurements [01] - APIAvailability" classname="ClusterLoaderV2" time="0.000805917"></testcase>
      <testcase name="pod-uc2-tenant: [step: 01] Creating scheduler throughput measurements [02] - APIResponsivenessPrometheus" classname="ClusterLoaderV2" time="0.000635028"></testcase>
      <testcase name="pod-uc2-tenant: [step: 01] Creating scheduler throughput measurements [03] - SchedulingMetrics" classname="ClusterLoaderV2" time="0.100549711"></testcase>
      <testcase name="pod-uc2-tenant: [step: 01] Creating scheduler throughput measurements [04] - SchedulingThroughputPrometheus" classname="ClusterLoaderV2" time="0.000573098"></testcase>
      <testcase name="pod-uc2-tenant: [step: 01] Creating scheduler throughput measurements [05] - GatekeeperValidationRequestDuration" classname="ClusterLoaderV2" time="0.000564398"></testcase>
      <testcase name="pod-uc2-tenant: [step: 01] Creating scheduler throughput measurements [06] - GatekeeperMutationRequestDuration" classname="ClusterLoaderV2" time="0.000562868"></testcase>
      <testcase name="pod-uc2-tenant: [step: 02] create scheduler throughput pods" classname="ClusterLoaderV2" time="67.226172031"></testcase>
      <testcase name="pod-uc2-tenant: [step: 03] Waiting for scheduler throughput pods to be created [00] - WaitForDirectSchedulerThroughputPods" classname="ClusterLoaderV2" time="300.048438742">
          <failure type="Failure">:0&#xA;[measurement call WaitForRunningPods - WaitForDirectSchedulerThroughputPods error: got context deadline exceeded while waiting for 30000 pods to be running in labelSelector(group = direct-scheduler-throughput) - summary of pods : Pods: 30000 out of 30000 created, 0 running (0 updated), 7786 pending scheduled, 22214 not scheduled, 0 inactive, 20439 terminating, 0 unknown, 0 runningButNotReady ]&#xA;:0</failure>
      </testcase>
      <testcase name="pod-uc2-tenant: [step: 04] Collecting scheduler throughput measurements [00] - APIAvailability" classname="ClusterLoaderV2" time="0.019214506"></testcase>
      <testcase name="pod-uc2-tenant: [step: 04] Collecting scheduler throughput measurements [01] - APIResponsivenessPrometheus" classname="ClusterLoaderV2" time="2.14410061"></testcase>
      <testcase name="pod-uc2-tenant: [step: 04] Collecting scheduler throughput measurements [02] - SchedulingMetrics" classname="ClusterLoaderV2" time="0.131178928"></testcase>
      <testcase name="pod-uc2-tenant: [step: 04] Collecting scheduler throughput measurements [03] - DirectSchedulingThroughput" classname="ClusterLoaderV2" time="0.003045066">
          <failure type="Failure">:0&#xA;[measurement call SchedulingThroughput - DirectSchedulingThroughput error: scheduler throughput: actual throughput 63.200000 lower than threshold 400.000000]&#xA;:0</failure>
      </testcase>
      <testcase name="pod-uc2-tenant: [step: 04] Collecting scheduler throughput measurements [04] - SchedulingThroughputPrometheus" classname="ClusterLoaderV2" time="0.815255439"></testcase>
      <testcase name="pod-uc2-tenant: [step: 04] Collecting scheduler throughput measurements [05] - GatekeeperValidationRequestDuration" classname="ClusterLoaderV2" time="1.43256845"></testcase>
      <testcase name="pod-uc2-tenant: [step: 04] Collecting scheduler throughput measurements [06] - GatekeeperMutationRequestDuration" classname="ClusterLoaderV2" time="1.43256943"></testcase>
      <testcase name="pod-uc2-tenant: [step: 05] Delete scheduler throughput pods" classname="ClusterLoaderV2" time="58.423681624"></testcase>
  </testsuite>