<?xml version="1.0" encoding="UTF-8"?>
  <testsuite name="ClusterLoaderV2" tests="0" failures="9" errors="0" time="3085.813">
      <testcase name="vanilla overall (use-case/config.yaml)" classname="ClusterLoaderV2" time="1028.329366916">
          <failure type="Failure">:0&#xA;[measurement call WaitForRunningPods - WaitForDirectSchedulerThroughputPods error: got context deadline exceeded while waiting for 30000 pods to be running in labelSelector(group = direct-scheduler-throughput) - summary of pods : Pods: 30000 out of 30000 created, 0 running (0 updated), 18406 pending scheduled, 11594 not scheduled, 0 inactive, 19938 terminating, 0 unknown, 0 runningButNotReady &#xA;measurement call SchedulingThroughput - DirectSchedulingThroughput error: scheduler throughput: actual throughput 142.000000 lower than threshold 400.000000]&#xA;:0</failure>
      </testcase>
      <testcase name="vanilla: [step: 01] Creating scheduler throughput measurements [00] - DirectSchedulingThroughput" classname="ClusterLoaderV2" time="0.754169325"></testcase>
      <testcase name="vanilla: [step: 01] Creating scheduler throughput measurements [01] - APIAvailability" classname="ClusterLoaderV2" time="0.003601552"></testcase>
      <testcase name="vanilla: [step: 01] Creating scheduler throughput measurements [02] - APIResponsivenessPrometheus" classname="ClusterLoaderV2" time="0.003621723"></testcase>
      <testcase name="vanilla: [step: 01] Creating scheduler throughput measurements [03] - SchedulingMetrics" classname="ClusterLoaderV2" time="0.192711086"></testcase>
      <testcase name="vanilla: [step: 01] Creating scheduler throughput measurements [04] - SchedulingThroughputPrometheus" classname="ClusterLoaderV2" time="0.003649515"></testcase>
      <testcase name="vanilla: [step: 01] Creating scheduler throughput measurements [05] - GatekeeperValidationRequestDuration" classname="ClusterLoaderV2" time="0.003827124"></testcase>
      <testcase name="vanilla: [step: 01] Creating scheduler throughput measurements [06] - GatekeeperMutationRequestDuration" classname="ClusterLoaderV2" time="0.003734123"></testcase>
      <testcase name="vanilla: [step: 02] create scheduler throughput pods" classname="ClusterLoaderV2" time="67.710211521"></testcase>
      <testcase name="vanilla: [step: 03] Waiting for scheduler throughput pods to be created [00] - WaitForDirectSchedulerThroughputPods" classname="ClusterLoaderV2" time="300.134789156">
          <failure type="Failure">:0&#xA;[measurement call WaitForRunningPods - WaitForDirectSchedulerThroughputPods error: got context deadline exceeded while waiting for 30000 pods to be running in labelSelector(group = direct-scheduler-throughput) - summary of pods : Pods: 30000 out of 30000 created, 0 running (0 updated), 18406 pending scheduled, 11594 not scheduled, 0 inactive, 19938 terminating, 0 unknown, 0 runningButNotReady ]&#xA;:0</failure>
      </testcase>
      <testcase name="vanilla: [step: 04] Collecting scheduler throughput measurements [00] - APIAvailability" classname="ClusterLoaderV2" time="0.003311458"></testcase>
      <testcase name="vanilla: [step: 04] Collecting scheduler throughput measurements [01] - APIResponsivenessPrometheus" classname="ClusterLoaderV2" time="1.030318737"></testcase>
      <testcase name="vanilla: [step: 04] Collecting scheduler throughput measurements [02] - SchedulingMetrics" classname="ClusterLoaderV2" time="0.154237721"></testcase>
      <testcase name="vanilla: [step: 04] Collecting scheduler throughput measurements [03] - DirectSchedulingThroughput" classname="ClusterLoaderV2" time="0.003634658">
          <failure type="Failure">:0&#xA;[measurement call SchedulingThroughput - DirectSchedulingThroughput error: scheduler throughput: actual throughput 142.000000 lower than threshold 400.000000]&#xA;:0</failure>
      </testcase>
      <testcase name="vanilla: [step: 04] Collecting scheduler throughput measurements [04] - SchedulingThroughputPrometheus" classname="ClusterLoaderV2" time="0.421623926"></testcase>
      <testcase name="vanilla: [step: 04] Collecting scheduler throughput measurements [05] - GatekeeperValidationRequestDuration" classname="ClusterLoaderV2" time="0.631647604"></testcase>
      <testcase name="vanilla: [step: 04] Collecting scheduler throughput measurements [06] - GatekeeperMutationRequestDuration" classname="ClusterLoaderV2" time="0.631534583"></testcase>
      <testcase name="vanilla: [step: 04] Collecting scheduler throughput measurements [07] - GatekeeperConstraintTemplateIngestionDuration" classname="ClusterLoaderV2" time="0.003532844"></testcase>
      <testcase name="vanilla: [step: 05] Delete scheduler throughput pods" classname="ClusterLoaderV2" time="58.374928938"></testcase>
      <testcase name="pod-uc1-tenant overall (use-case/multi-tenancy/config.yaml)" classname="ClusterLoaderV2" time="1027.938672645">
          <failure type="Failure">:0&#xA;[measurement call WaitForRunningPods - WaitForDirectSchedulerThroughputPods error: got context deadline exceeded while waiting for 30000 pods to be running in labelSelector(group = direct-scheduler-throughput) - summary of pods : Pods: 30000 out of 30000 created, 0 running (0 updated), 18392 pending scheduled, 11608 not scheduled, 0 inactive, 21144 terminating, 0 unknown, 0 runningButNotReady &#xA;measurement call SchedulingThroughput - DirectSchedulingThroughput error: scheduler throughput: actual throughput 68.200000 lower than threshold 400.000000]&#xA;:0</failure>
      </testcase>
      <testcase name="pod-uc1-tenant: [step: 01] Creating scheduler throughput measurements [00] - DirectSchedulingThroughput" classname="ClusterLoaderV2" time="0.503555294"></testcase>
      <testcase name="pod-uc1-tenant: [step: 01] Creating scheduler throughput measurements [01] - APIAvailability" classname="ClusterLoaderV2" time="0.003231104"></testcase>
      <testcase name="pod-uc1-tenant: [step: 01] Creating scheduler throughput measurements [02] - APIResponsivenessPrometheus" classname="ClusterLoaderV2" time="0.003216371"></testcase>
      <testcase name="pod-uc1-tenant: [step: 01] Creating scheduler throughput measurements [03] - SchedulingMetrics" classname="ClusterLoaderV2" time="0.160163824"></testcase>
      <testcase name="pod-uc1-tenant: [step: 01] Creating scheduler throughput measurements [04] - SchedulingThroughputPrometheus" classname="ClusterLoaderV2" time="0.003281961"></testcase>
      <testcase name="pod-uc1-tenant: [step: 01] Creating scheduler throughput measurements [05] - GatekeeperValidationRequestDuration" classname="ClusterLoaderV2" time="0.003144002"></testcase>
      <testcase name="pod-uc1-tenant: [step: 01] Creating scheduler throughput measurements [06] - GatekeeperMutationRequestDuration" classname="ClusterLoaderV2" time="0.003317374"></testcase>
      <testcase name="pod-uc1-tenant: [step: 02] create scheduler throughput pods" classname="ClusterLoaderV2" time="67.787150602"></testcase>
      <testcase name="pod-uc1-tenant: [step: 03] Waiting for scheduler throughput pods to be created [00] - WaitForDirectSchedulerThroughputPods" classname="ClusterLoaderV2" time="300.118874624">
          <failure type="Failure">:0&#xA;[measurement call WaitForRunningPods - WaitForDirectSchedulerThroughputPods error: got context deadline exceeded while waiting for 30000 pods to be running in labelSelector(group = direct-scheduler-throughput) - summary of pods : Pods: 30000 out of 30000 created, 0 running (0 updated), 18392 pending scheduled, 11608 not scheduled, 0 inactive, 21144 terminating, 0 unknown, 0 runningButNotReady ]&#xA;:0</failure>
      </testcase>
      <testcase name="pod-uc1-tenant: [step: 04] Collecting scheduler throughput measurements [00] - APIAvailability" classname="ClusterLoaderV2" time="0.003794517"></testcase>
      <testcase name="pod-uc1-tenant: [step: 04] Collecting scheduler throughput measurements [01] - APIResponsivenessPrometheus" classname="ClusterLoaderV2" time="0.944034808"></testcase>
      <testcase name="pod-uc1-tenant: [step: 04] Collecting scheduler throughput measurements [02] - SchedulingMetrics" classname="ClusterLoaderV2" time="0.203963081"></testcase>
      <testcase name="pod-uc1-tenant: [step: 04] Collecting scheduler throughput measurements [03] - DirectSchedulingThroughput" classname="ClusterLoaderV2" time="0.003634094">
          <failure type="Failure">:0&#xA;[measurement call SchedulingThroughput - DirectSchedulingThroughput error: scheduler throughput: actual throughput 68.200000 lower than threshold 400.000000]&#xA;:0</failure>
      </testcase>
      <testcase name="pod-uc1-tenant: [step: 04] Collecting scheduler throughput measurements [04] - SchedulingThroughputPrometheus" classname="ClusterLoaderV2" time="0.524615191"></testcase>
      <testcase name="pod-uc1-tenant: [step: 04] Collecting scheduler throughput measurements [05] - GatekeeperValidationRequestDuration" classname="ClusterLoaderV2" time="0.722413345"></testcase>
      <testcase name="pod-uc1-tenant: [step: 04] Collecting scheduler throughput measurements [06] - GatekeeperMutationRequestDuration" classname="ClusterLoaderV2" time="0.722449239"></testcase>
      <testcase name="pod-uc1-tenant: [step: 05] Delete scheduler throughput pods" classname="ClusterLoaderV2" time="58.343385008"></testcase>
      <testcase name="pod-uc2-tenant overall (use-case/multi-tenancy/config.yaml)" classname="ClusterLoaderV2" time="1029.534693461">
          <failure type="Failure">:0&#xA;[measurement call WaitForRunningPods - WaitForDirectSchedulerThroughputPods error: got context deadline exceeded while waiting for 30000 pods to be running in labelSelector(group = direct-scheduler-throughput) - summary of pods : Pods: 30000 out of 30000 created, 0 running (0 updated), 18263 pending scheduled, 11737 not scheduled, 0 inactive, 37422 terminating, 0 unknown, 0 runningButNotReady &#xA;measurement call SchedulingThroughput - DirectSchedulingThroughput error: scheduler throughput: actual throughput 68.400000 lower than threshold 400.000000]&#xA;:0</failure>
      </testcase>
      <testcase name="pod-uc2-tenant: [step: 01] Creating scheduler throughput measurements [00] - DirectSchedulingThroughput" classname="ClusterLoaderV2" time="0.754686591"></testcase>
      <testcase name="pod-uc2-tenant: [step: 01] Creating scheduler throughput measurements [01] - APIAvailability" classname="ClusterLoaderV2" time="0.003822569"></testcase>
      <testcase name="pod-uc2-tenant: [step: 01] Creating scheduler throughput measurements [02] - APIResponsivenessPrometheus" classname="ClusterLoaderV2" time="0.003880126"></testcase>
      <testcase name="pod-uc2-tenant: [step: 01] Creating scheduler throughput measurements [03] - SchedulingMetrics" classname="ClusterLoaderV2" time="0.076744437"></testcase>
      <testcase name="pod-uc2-tenant: [step: 01] Creating scheduler throughput measurements [04] - SchedulingThroughputPrometheus" classname="ClusterLoaderV2" time="0.003886836"></testcase>
      <testcase name="pod-uc2-tenant: [step: 01] Creating scheduler throughput measurements [05] - GatekeeperValidationRequestDuration" classname="ClusterLoaderV2" time="0.003920788"></testcase>
      <testcase name="pod-uc2-tenant: [step: 01] Creating scheduler throughput measurements [06] - GatekeeperMutationRequestDuration" classname="ClusterLoaderV2" time="0.003910873"></testcase>
      <testcase name="pod-uc2-tenant: [step: 02] create scheduler throughput pods" classname="ClusterLoaderV2" time="67.998088702"></testcase>
      <testcase name="pod-uc2-tenant: [step: 03] Waiting for scheduler throughput pods to be created [00] - WaitForDirectSchedulerThroughputPods" classname="ClusterLoaderV2" time="300.173161457">
          <failure type="Failure">:0&#xA;[measurement call WaitForRunningPods - WaitForDirectSchedulerThroughputPods error: got context deadline exceeded while waiting for 30000 pods to be running in labelSelector(group = direct-scheduler-throughput) - summary of pods : Pods: 30000 out of 30000 created, 0 running (0 updated), 18263 pending scheduled, 11737 not scheduled, 0 inactive, 37422 terminating, 0 unknown, 0 runningButNotReady ]&#xA;:0</failure>
      </testcase>
      <testcase name="pod-uc2-tenant: [step: 04] Collecting scheduler throughput measurements [00] - APIAvailability" classname="ClusterLoaderV2" time="0.003949851"></testcase>
      <testcase name="pod-uc2-tenant: [step: 04] Collecting scheduler throughput measurements [01] - APIResponsivenessPrometheus" classname="ClusterLoaderV2" time="1.950235244"></testcase>
      <testcase name="pod-uc2-tenant: [step: 04] Collecting scheduler throughput measurements [02] - SchedulingMetrics" classname="ClusterLoaderV2" time="0.106301404"></testcase>
      <testcase name="pod-uc2-tenant: [step: 04] Collecting scheduler throughput measurements [03] - DirectSchedulingThroughput" classname="ClusterLoaderV2" time="0.003775507">
          <failure type="Failure">:0&#xA;[measurement call SchedulingThroughput - DirectSchedulingThroughput error: scheduler throughput: actual throughput 68.400000 lower than threshold 400.000000]&#xA;:0</failure>
      </testcase>
      <testcase name="pod-uc2-tenant: [step: 04] Collecting scheduler throughput measurements [04] - SchedulingThroughputPrometheus" classname="ClusterLoaderV2" time="0.62202349"></testcase>
      <testcase name="pod-uc2-tenant: [step: 04] Collecting scheduler throughput measurements [05] - GatekeeperValidationRequestDuration" classname="ClusterLoaderV2" time="1.226610978"></testcase>
      <testcase name="pod-uc2-tenant: [step: 04] Collecting scheduler throughput measurements [06] - GatekeeperMutationRequestDuration" classname="ClusterLoaderV2" time="1.159705251"></testcase>
      <testcase name="pod-uc2-tenant: [step: 05] Delete scheduler throughput pods" classname="ClusterLoaderV2" time="58.452634566"></testcase>
  </testsuite>