<?xml version="1.0" encoding="UTF-8"?>
  <testsuite name="ClusterLoaderV2" tests="0" failures="12" errors="0" time="4117.796">
      <testcase name="vanilla overall (use-case/config.yaml)" classname="ClusterLoaderV2" time="1030.965308215">
          <failure type="Failure">:0&#xA;[measurement call WaitForRunningPods - WaitForDirectSchedulerThroughputPods error: got context deadline exceeded while waiting for 30000 pods to be running in labelSelector(group = direct-scheduler-throughput) - summary of pods : Pods: 30000 out of 30000 created, 18463 running (18463 updated), 3 pending scheduled, 11534 not scheduled, 0 inactive, 0 terminating, 0 unknown, 0 runningButNotReady &#xA;measurement call SchedulingThroughput - DirectSchedulingThroughput error: scheduler throughput: actual throughput 145.000000 lower than threshold 400.000000]&#xA;:0</failure>
      </testcase>
      <testcase name="vanilla: [step: 01] Creating scheduler throughput measurements [00] - DirectSchedulingThroughput" classname="ClusterLoaderV2" time="0.053433846"></testcase>
      <testcase name="vanilla: [step: 01] Creating scheduler throughput measurements [01] - APIAvailability" classname="ClusterLoaderV2" time="0.00326947"></testcase>
      <testcase name="vanilla: [step: 01] Creating scheduler throughput measurements [02] - APIResponsivenessPrometheus" classname="ClusterLoaderV2" time="0.003109539"></testcase>
      <testcase name="vanilla: [step: 01] Creating scheduler throughput measurements [03] - SchedulingMetrics" classname="ClusterLoaderV2" time="0.070459004"></testcase>
      <testcase name="vanilla: [step: 01] Creating scheduler throughput measurements [04] - SchedulingThroughputPrometheus" classname="ClusterLoaderV2" time="0.003116069"></testcase>
      <testcase name="vanilla: [step: 01] Creating scheduler throughput measurements [05] - GatekeeperValidationRequestDuration" classname="ClusterLoaderV2" time="0.003247177"></testcase>
      <testcase name="vanilla: [step: 01] Creating scheduler throughput measurements [06] - GatekeeperMutationRequestDuration" classname="ClusterLoaderV2" time="0.003312295"></testcase>
      <testcase name="vanilla: [step: 02] create scheduler throughput pods" classname="ClusterLoaderV2" time="69.877769348"></testcase>
      <testcase name="vanilla: [step: 03] Waiting for scheduler throughput pods to be created [00] - WaitForDirectSchedulerThroughputPods" classname="ClusterLoaderV2" time="300.055732077">
          <failure type="Failure">:0&#xA;[measurement call WaitForRunningPods - WaitForDirectSchedulerThroughputPods error: got context deadline exceeded while waiting for 30000 pods to be running in labelSelector(group = direct-scheduler-throughput) - summary of pods : Pods: 30000 out of 30000 created, 18463 running (18463 updated), 3 pending scheduled, 11534 not scheduled, 0 inactive, 0 terminating, 0 unknown, 0 runningButNotReady ]&#xA;:0</failure>
      </testcase>
      <testcase name="vanilla: [step: 04] Collecting scheduler throughput measurements [00] - APIAvailability" classname="ClusterLoaderV2" time="0.003720995"></testcase>
      <testcase name="vanilla: [step: 04] Collecting scheduler throughput measurements [01] - APIResponsivenessPrometheus" classname="ClusterLoaderV2" time="2.321761482"></testcase>
      <testcase name="vanilla: [step: 04] Collecting scheduler throughput measurements [02] - SchedulingMetrics" classname="ClusterLoaderV2" time="0.190860808"></testcase>
      <testcase name="vanilla: [step: 04] Collecting scheduler throughput measurements [03] - DirectSchedulingThroughput" classname="ClusterLoaderV2" time="0.003806133">
          <failure type="Failure">:0&#xA;[measurement call SchedulingThroughput - DirectSchedulingThroughput error: scheduler throughput: actual throughput 145.000000 lower than threshold 400.000000]&#xA;:0</failure>
      </testcase>
      <testcase name="vanilla: [step: 04] Collecting scheduler throughput measurements [04] - SchedulingThroughputPrometheus" classname="ClusterLoaderV2" time="0.812644287"></testcase>
      <testcase name="vanilla: [step: 04] Collecting scheduler throughput measurements [05] - GatekeeperValidationRequestDuration" classname="ClusterLoaderV2" time="1.7933667739999999"></testcase>
      <testcase name="vanilla: [step: 04] Collecting scheduler throughput measurements [06] - GatekeeperMutationRequestDuration" classname="ClusterLoaderV2" time="1.691341025"></testcase>
      <testcase name="vanilla: [step: 04] Collecting scheduler throughput measurements [07] - GatekeeperConstraintTemplateIngestionDuration" classname="ClusterLoaderV2" time="0.004019075"></testcase>
      <testcase name="vanilla: [step: 05] Delete scheduler throughput pods" classname="ClusterLoaderV2" time="58.321956826"></testcase>
      <testcase name="pod-eu-region overall (use-case/config.yaml)" classname="ClusterLoaderV2" time="1028.515597525">
          <failure type="Failure">:0&#xA;[measurement call WaitForRunningPods - WaitForDirectSchedulerThroughputPods error: got context deadline exceeded while waiting for 30000 pods to be running in labelSelector(group = direct-scheduler-throughput) - summary of pods : Pods: 30000 out of 30000 created, 0 running (0 updated), 18381 pending scheduled, 11619 not scheduled, 0 inactive, 0 terminating, 0 unknown, 0 runningButNotReady &#xA;measurement call SchedulingThroughput - DirectSchedulingThroughput error: scheduler throughput: actual throughput 263.000000 lower than threshold 400.000000]&#xA;:0</failure>
      </testcase>
      <testcase name="pod-eu-region: [step: 01] Creating scheduler throughput measurements [00] - DirectSchedulingThroughput" classname="ClusterLoaderV2" time="0.104336859"></testcase>
      <testcase name="pod-eu-region: [step: 01] Creating scheduler throughput measurements [01] - APIAvailability" classname="ClusterLoaderV2" time="0.003775959"></testcase>
      <testcase name="pod-eu-region: [step: 01] Creating scheduler throughput measurements [02] - APIResponsivenessPrometheus" classname="ClusterLoaderV2" time="0.003712353"></testcase>
      <testcase name="pod-eu-region: [step: 01] Creating scheduler throughput measurements [03] - SchedulingMetrics" classname="ClusterLoaderV2" time="0.133121402"></testcase>
      <testcase name="pod-eu-region: [step: 01] Creating scheduler throughput measurements [04] - SchedulingThroughputPrometheus" classname="ClusterLoaderV2" time="0.003491569"></testcase>
      <testcase name="pod-eu-region: [step: 01] Creating scheduler throughput measurements [05] - GatekeeperValidationRequestDuration" classname="ClusterLoaderV2" time="0.003751502"></testcase>
      <testcase name="pod-eu-region: [step: 01] Creating scheduler throughput measurements [06] - GatekeeperMutationRequestDuration" classname="ClusterLoaderV2" time="0.003644911"></testcase>
      <testcase name="pod-eu-region: [step: 02] create scheduler throughput pods" classname="ClusterLoaderV2" time="68.190290715"></testcase>
      <testcase name="pod-eu-region: [step: 03] Waiting for scheduler throughput pods to be created [00] - WaitForDirectSchedulerThroughputPods" classname="ClusterLoaderV2" time="300.071029598">
          <failure type="Failure">:0&#xA;[measurement call WaitForRunningPods - WaitForDirectSchedulerThroughputPods error: got context deadline exceeded while waiting for 30000 pods to be running in labelSelector(group = direct-scheduler-throughput) - summary of pods : Pods: 30000 out of 30000 created, 0 running (0 updated), 18381 pending scheduled, 11619 not scheduled, 0 inactive, 0 terminating, 0 unknown, 0 runningButNotReady ]&#xA;:0</failure>
      </testcase>
      <testcase name="pod-eu-region: [step: 04] Collecting scheduler throughput measurements [00] - APIAvailability" classname="ClusterLoaderV2" time="0.003633184"></testcase>
      <testcase name="pod-eu-region: [step: 04] Collecting scheduler throughput measurements [01] - APIResponsivenessPrometheus" classname="ClusterLoaderV2" time="1.261183856"></testcase>
      <testcase name="pod-eu-region: [step: 04] Collecting scheduler throughput measurements [02] - SchedulingMetrics" classname="ClusterLoaderV2" time="0.187038299"></testcase>
      <testcase name="pod-eu-region: [step: 04] Collecting scheduler throughput measurements [03] - DirectSchedulingThroughput" classname="ClusterLoaderV2" time="0.003837563">
          <failure type="Failure">:0&#xA;[measurement call SchedulingThroughput - DirectSchedulingThroughput error: scheduler throughput: actual throughput 263.000000 lower than threshold 400.000000]&#xA;:0</failure>
      </testcase>
      <testcase name="pod-eu-region: [step: 04] Collecting scheduler throughput measurements [04] - SchedulingThroughputPrometheus" classname="ClusterLoaderV2" time="0.468045628"></testcase>
      <testcase name="pod-eu-region: [step: 04] Collecting scheduler throughput measurements [05] - GatekeeperValidationRequestDuration" classname="ClusterLoaderV2" time="0.876169228"></testcase>
      <testcase name="pod-eu-region: [step: 04] Collecting scheduler throughput measurements [06] - GatekeeperMutationRequestDuration" classname="ClusterLoaderV2" time="0.876517545"></testcase>
      <testcase name="pod-eu-region: [step: 04] Collecting scheduler throughput measurements [07] - GatekeeperConstraintTemplateIngestionDuration" classname="ClusterLoaderV2" time="0.003824743"></testcase>
      <testcase name="pod-eu-region: [step: 05] Delete scheduler throughput pods" classname="ClusterLoaderV2" time="58.363920439"></testcase>
      <testcase name="pod-us-region overall (use-case/config.yaml)" classname="ClusterLoaderV2" time="1028.895919158">
          <failure type="Failure">:0&#xA;[measurement call WaitForRunningPods - WaitForDirectSchedulerThroughputPods error: got context deadline exceeded while waiting for 30000 pods to be running in labelSelector(group = direct-scheduler-throughput) - summary of pods : Pods: 30000 out of 30000 created, 0 running (0 updated), 18459 pending scheduled, 11541 not scheduled, 0 inactive, 12419 terminating, 0 unknown, 0 runningButNotReady &#xA;measurement call SchedulingThroughput - DirectSchedulingThroughput error: scheduler throughput: actual throughput 145.000000 lower than threshold 400.000000]&#xA;:0</failure>
      </testcase>
      <testcase name="pod-us-region: [step: 01] Creating scheduler throughput measurements [00] - DirectSchedulingThroughput" classname="ClusterLoaderV2" time="0.453796367"></testcase>
      <testcase name="pod-us-region: [step: 01] Creating scheduler throughput measurements [01] - APIAvailability" classname="ClusterLoaderV2" time="0.003532855"></testcase>
      <testcase name="pod-us-region: [step: 01] Creating scheduler throughput measurements [02] - APIResponsivenessPrometheus" classname="ClusterLoaderV2" time="0.003313661"></testcase>
      <testcase name="pod-us-region: [step: 01] Creating scheduler throughput measurements [03] - SchedulingMetrics" classname="ClusterLoaderV2" time="0.14156102"></testcase>
      <testcase name="pod-us-region: [step: 01] Creating scheduler throughput measurements [04] - SchedulingThroughputPrometheus" classname="ClusterLoaderV2" time="0.003515809"></testcase>
      <testcase name="pod-us-region: [step: 01] Creating scheduler throughput measurements [05] - GatekeeperValidationRequestDuration" classname="ClusterLoaderV2" time="0.003553005"></testcase>
      <testcase name="pod-us-region: [step: 01] Creating scheduler throughput measurements [06] - GatekeeperMutationRequestDuration" classname="ClusterLoaderV2" time="0.003640198"></testcase>
      <testcase name="pod-us-region: [step: 02] create scheduler throughput pods" classname="ClusterLoaderV2" time="68.091539083"></testcase>
      <testcase name="pod-us-region: [step: 03] Waiting for scheduler throughput pods to be created [00] - WaitForDirectSchedulerThroughputPods" classname="ClusterLoaderV2" time="300.108056218">
          <failure type="Failure">:0&#xA;[measurement call WaitForRunningPods - WaitForDirectSchedulerThroughputPods error: got context deadline exceeded while waiting for 30000 pods to be running in labelSelector(group = direct-scheduler-throughput) - summary of pods : Pods: 30000 out of 30000 created, 0 running (0 updated), 18459 pending scheduled, 11541 not scheduled, 0 inactive, 12419 terminating, 0 unknown, 0 runningButNotReady ]&#xA;:0</failure>
      </testcase>
      <testcase name="pod-us-region: [step: 04] Collecting scheduler throughput measurements [00] - APIAvailability" classname="ClusterLoaderV2" time="0.004061792"></testcase>
      <testcase name="pod-us-region: [step: 04] Collecting scheduler throughput measurements [01] - APIResponsivenessPrometheus" classname="ClusterLoaderV2" time="1.478044361"></testcase>
      <testcase name="pod-us-region: [step: 04] Collecting scheduler throughput measurements [02] - SchedulingMetrics" classname="ClusterLoaderV2" time="0.199861205"></testcase>
      <testcase name="pod-us-region: [step: 04] Collecting scheduler throughput measurements [03] - DirectSchedulingThroughput" classname="ClusterLoaderV2" time="0.003971245">
          <failure type="Failure">:0&#xA;[measurement call SchedulingThroughput - DirectSchedulingThroughput error: scheduler throughput: actual throughput 145.000000 lower than threshold 400.000000]&#xA;:0</failure>
      </testcase>
      <testcase name="pod-us-region: [step: 04] Collecting scheduler throughput measurements [04] - SchedulingThroughputPrometheus" classname="ClusterLoaderV2" time="0.669722407"></testcase>
      <testcase name="pod-us-region: [step: 04] Collecting scheduler throughput measurements [05] - GatekeeperValidationRequestDuration" classname="ClusterLoaderV2" time="1.090778141"></testcase>
      <testcase name="pod-us-region: [step: 04] Collecting scheduler throughput measurements [06] - GatekeeperMutationRequestDuration" classname="ClusterLoaderV2" time="1.0560285"></testcase>
      <testcase name="pod-us-region: [step: 04] Collecting scheduler throughput measurements [07] - GatekeeperConstraintTemplateIngestionDuration" classname="ClusterLoaderV2" time="0.003645811"></testcase>
      <testcase name="pod-us-region: [step: 05] Delete scheduler throughput pods" classname="ClusterLoaderV2" time="58.435688718"></testcase>
      <testcase name="pod-italynorth-region overall (use-case/config.yaml)" classname="ClusterLoaderV2" time="1029.411911217">
          <failure type="Failure">:0&#xA;[measurement call WaitForRunningPods - WaitForDirectSchedulerThroughputPods error: got context deadline exceeded while waiting for 30000 pods to be running in labelSelector(group = direct-scheduler-throughput) - summary of pods : Pods: 30000 out of 30000 created, 0 running (0 updated), 18484 pending scheduled, 11516 not scheduled, 0 inactive, 20536 terminating, 0 unknown, 0 runningButNotReady &#xA;measurement call SchedulingThroughput - DirectSchedulingThroughput error: scheduler throughput: actual throughput 224.000000 lower than threshold 400.000000]&#xA;:0</failure>
      </testcase>
      <testcase name="pod-italynorth-region: [step: 01] Creating scheduler throughput measurements [00] - DirectSchedulingThroughput" classname="ClusterLoaderV2" time="0.553252451"></testcase>
      <testcase name="pod-italynorth-region: [step: 01] Creating scheduler throughput measurements [01] - APIAvailability" classname="ClusterLoaderV2" time="0.003089619"></testcase>
      <testcase name="pod-italynorth-region: [step: 01] Creating scheduler throughput measurements [02] - APIResponsivenessPrometheus" classname="ClusterLoaderV2" time="0.003165514"></testcase>
      <testcase name="pod-italynorth-region: [step: 01] Creating scheduler throughput measurements [03] - SchedulingMetrics" classname="ClusterLoaderV2" time="0.106651176"></testcase>
      <testcase name="pod-italynorth-region: [step: 01] Creating scheduler throughput measurements [04] - SchedulingThroughputPrometheus" classname="ClusterLoaderV2" time="0.003201389"></testcase>
      <testcase name="pod-italynorth-region: [step: 01] Creating scheduler throughput measurements [05] - GatekeeperValidationRequestDuration" classname="ClusterLoaderV2" time="0.003417326"></testcase>
      <testcase name="pod-italynorth-region: [step: 01] Creating scheduler throughput measurements [06] - GatekeeperMutationRequestDuration" classname="ClusterLoaderV2" time="0.00313651"></testcase>
      <testcase name="pod-italynorth-region: [step: 02] create scheduler throughput pods" classname="ClusterLoaderV2" time="68.602464846"></testcase>
      <testcase name="pod-italynorth-region: [step: 03] Waiting for scheduler throughput pods to be created [00] - WaitForDirectSchedulerThroughputPods" classname="ClusterLoaderV2" time="300.243991376">
          <failure type="Failure">:0&#xA;[measurement call WaitForRunningPods - WaitForDirectSchedulerThroughputPods error: got context deadline exceeded while waiting for 30000 pods to be running in labelSelector(group = direct-scheduler-throughput) - summary of pods : Pods: 30000 out of 30000 created, 0 running (0 updated), 18484 pending scheduled, 11516 not scheduled, 0 inactive, 20536 terminating, 0 unknown, 0 runningButNotReady ]&#xA;:0</failure>
      </testcase>
      <testcase name="pod-italynorth-region: [step: 04] Collecting scheduler throughput measurements [00] - APIAvailability" classname="ClusterLoaderV2" time="0.755969743"></testcase>
      <testcase name="pod-italynorth-region: [step: 04] Collecting scheduler throughput measurements [01] - APIResponsivenessPrometheus" classname="ClusterLoaderV2" time="1.31770685"></testcase>
      <testcase name="pod-italynorth-region: [step: 04] Collecting scheduler throughput measurements [02] - SchedulingMetrics" classname="ClusterLoaderV2" time="0.240293952"></testcase>
      <testcase name="pod-italynorth-region: [step: 04] Collecting scheduler throughput measurements [03] - DirectSchedulingThroughput" classname="ClusterLoaderV2" time="0.003961837">
          <failure type="Failure">:0&#xA;[measurement call SchedulingThroughput - DirectSchedulingThroughput error: scheduler throughput: actual throughput 224.000000 lower than threshold 400.000000]&#xA;:0</failure>
      </testcase>
      <testcase name="pod-italynorth-region: [step: 04] Collecting scheduler throughput measurements [04] - SchedulingThroughputPrometheus" classname="ClusterLoaderV2" time="0.344846652"></testcase>
      <testcase name="pod-italynorth-region: [step: 04] Collecting scheduler throughput measurements [05] - GatekeeperValidationRequestDuration" classname="ClusterLoaderV2" time="0.92120287"></testcase>
      <testcase name="pod-italynorth-region: [step: 04] Collecting scheduler throughput measurements [06] - GatekeeperMutationRequestDuration" classname="ClusterLoaderV2" time="0.921232615"></testcase>
      <testcase name="pod-italynorth-region: [step: 04] Collecting scheduler throughput measurements [07] - GatekeeperConstraintTemplateIngestionDuration" classname="ClusterLoaderV2" time="0.004554144"></testcase>
      <testcase name="pod-italynorth-region: [step: 05] Delete scheduler throughput pods" classname="ClusterLoaderV2" time="58.260751965"></testcase>
  </testsuite>