<?xml version="1.0" encoding="UTF-8"?>
  <testsuite name="ClusterLoaderV2" tests="0" failures="9" errors="0" time="1812.58">
      <testcase name="vanilla overall (use-case/config.yaml)" classname="ClusterLoaderV2" time="930.540001792">
          <failure type="Failure">:0&#xA;[measurement call WaitForRunningPods - WaitForDirectSchedulerThroughputPods error: got context deadline exceeded while waiting for 30000 pods to be running in labelSelector(group = direct-scheduler-throughput) - summary of pods : Pods: 30000 out of 30000 created, 18409 running (18409 updated), 27 pending scheduled, 11564 not scheduled, 0 inactive, 0 terminating, 0 unknown, 0 runningButNotReady &#xA;measurement call SchedulingThroughput - DirectSchedulingThroughput error: scheduler throughput: actual throughput 145.000000 lower than threshold 400.000000]&#xA;:0</failure>
      </testcase>
      <testcase name="vanilla: [step: 01] Creating scheduler throughput measurements [00] - DirectSchedulingThroughput" classname="ClusterLoaderV2" time="0.055538656"></testcase>
      <testcase name="vanilla: [step: 01] Creating scheduler throughput measurements [01] - APIAvailability" classname="ClusterLoaderV2" time="0.00464255"></testcase>
      <testcase name="vanilla: [step: 01] Creating scheduler throughput measurements [02] - APIResponsivenessPrometheus" classname="ClusterLoaderV2" time="0.004819357"></testcase>
      <testcase name="vanilla: [step: 01] Creating scheduler throughput measurements [03] - SchedulingMetrics" classname="ClusterLoaderV2" time="0.086777523"></testcase>
      <testcase name="vanilla: [step: 01] Creating scheduler throughput measurements [04] - SchedulingThroughputPrometheus" classname="ClusterLoaderV2" time="0.004551983"></testcase>
      <testcase name="vanilla: [step: 01] Creating scheduler throughput measurements [05] - GatekeeperValidationRequestDuration" classname="ClusterLoaderV2" time="0.0046026"></testcase>
      <testcase name="vanilla: [step: 01] Creating scheduler throughput measurements [06] - GatekeeperMutationRequestDuration" classname="ClusterLoaderV2" time="0.004879127"></testcase>
      <testcase name="vanilla: [step: 02] create scheduler throughput pods" classname="ClusterLoaderV2" time="70.148046434"></testcase>
      <testcase name="vanilla: [step: 03] Waiting for scheduler throughput pods to be created [00] - WaitForDirectSchedulerThroughputPods" classname="ClusterLoaderV2" time="301.071207396">
          <failure type="Failure">:0&#xA;[measurement call WaitForRunningPods - WaitForDirectSchedulerThroughputPods error: got context deadline exceeded while waiting for 30000 pods to be running in labelSelector(group = direct-scheduler-throughput) - summary of pods : Pods: 30000 out of 30000 created, 18409 running (18409 updated), 27 pending scheduled, 11564 not scheduled, 0 inactive, 0 terminating, 0 unknown, 0 runningButNotReady ]&#xA;:0</failure>
      </testcase>
      <testcase name="vanilla: [step: 04] Collecting scheduler throughput measurements [00] - APIAvailability" classname="ClusterLoaderV2" time="0.057136276"></testcase>
      <testcase name="vanilla: [step: 04] Collecting scheduler throughput measurements [01] - APIResponsivenessPrometheus" classname="ClusterLoaderV2" time="0.782752367"></testcase>
      <testcase name="vanilla: [step: 04] Collecting scheduler throughput measurements [02] - SchedulingMetrics" classname="ClusterLoaderV2" time="0.134182937"></testcase>
      <testcase name="vanilla: [step: 04] Collecting scheduler throughput measurements [03] - DirectSchedulingThroughput" classname="ClusterLoaderV2" time="0.003880061">
          <failure type="Failure">:0&#xA;[measurement call SchedulingThroughput - DirectSchedulingThroughput error: scheduler throughput: actual throughput 145.000000 lower than threshold 400.000000]&#xA;:0</failure>
      </testcase>
      <testcase name="vanilla: [step: 04] Collecting scheduler throughput measurements [04] - SchedulingThroughputPrometheus" classname="ClusterLoaderV2" time="0.177497705"></testcase>
      <testcase name="vanilla: [step: 04] Collecting scheduler throughput measurements [05] - GatekeeperValidationRequestDuration" classname="ClusterLoaderV2" time="0.598573801"></testcase>
      <testcase name="vanilla: [step: 04] Collecting scheduler throughput measurements [06] - GatekeeperMutationRequestDuration" classname="ClusterLoaderV2" time="0.598247678"></testcase>
      <testcase name="vanilla: [step: 04] Collecting scheduler throughput measurements [07] - GatekeeperConstraintTemplateIngestionDuration" classname="ClusterLoaderV2" time="0.003878188"></testcase>
      <testcase name="vanilla: [step: 05] Delete scheduler throughput pods" classname="ClusterLoaderV2" time="58.252493488"></testcase>
      <testcase name="pod-uc1-tenant overall (use-case/multi-tenancy/config.yaml)" classname="ClusterLoaderV2" time="440.779708912">
          <failure type="Failure">:0&#xA;[measurement call WaitForRunningPods - WaitForDirectSchedulerThroughputPods error: got context deadline exceeded while waiting for 30000 pods to be running in labelSelector(group = direct-scheduler-throughput) - summary of pods : Pods: 30000 out of 30000 created, 18446 running (18446 updated), 1 pending scheduled, 11553 not scheduled, 0 inactive, 0 terminating, 0 unknown, 0 runningButNotReady &#xA;measurement call SchedulingThroughput - DirectSchedulingThroughput error: scheduler throughput: actual throughput 85.400000 lower than threshold 400.000000]&#xA;:0</failure>
      </testcase>
      <testcase name="pod-uc1-tenant: [step: 01] Creating scheduler throughput measurements [00] - DirectSchedulingThroughput" classname="ClusterLoaderV2" time="0.054420446"></testcase>
      <testcase name="pod-uc1-tenant: [step: 01] Creating scheduler throughput measurements [01] - APIAvailability" classname="ClusterLoaderV2" time="0.003588301"></testcase>
      <testcase name="pod-uc1-tenant: [step: 01] Creating scheduler throughput measurements [02] - APIResponsivenessPrometheus" classname="ClusterLoaderV2" time="0.003651337"></testcase>
      <testcase name="pod-uc1-tenant: [step: 01] Creating scheduler throughput measurements [03] - SchedulingMetrics" classname="ClusterLoaderV2" time="0.078601201"></testcase>
      <testcase name="pod-uc1-tenant: [step: 01] Creating scheduler throughput measurements [04] - SchedulingThroughputPrometheus" classname="ClusterLoaderV2" time="0.003778449"></testcase>
      <testcase name="pod-uc1-tenant: [step: 02] create scheduler throughput pods" classname="ClusterLoaderV2" time="70.247276181"></testcase>
      <testcase name="pod-uc1-tenant: [step: 03] Waiting for scheduler throughput pods to be created [00] - WaitForDirectSchedulerThroughputPods" classname="ClusterLoaderV2" time="300.890132647">
          <failure type="Failure">:0&#xA;[measurement call WaitForRunningPods - WaitForDirectSchedulerThroughputPods error: got context deadline exceeded while waiting for 30000 pods to be running in labelSelector(group = direct-scheduler-throughput) - summary of pods : Pods: 30000 out of 30000 created, 18446 running (18446 updated), 1 pending scheduled, 11553 not scheduled, 0 inactive, 0 terminating, 0 unknown, 0 runningButNotReady ]&#xA;:0</failure>
      </testcase>
      <testcase name="pod-uc1-tenant: [step: 04] Collecting scheduler throughput measurements [00] - APIAvailability" classname="ClusterLoaderV2" time="0.004322942"></testcase>
      <testcase name="pod-uc1-tenant: [step: 04] Collecting scheduler throughput measurements [01] - APIResponsivenessPrometheus" classname="ClusterLoaderV2" time="1.0999760219999999"></testcase>
      <testcase name="pod-uc1-tenant: [step: 04] Collecting scheduler throughput measurements [02] - SchedulingMetrics" classname="ClusterLoaderV2" time="0.101662517"></testcase>
      <testcase name="pod-uc1-tenant: [step: 04] Collecting scheduler throughput measurements [03] - DirectSchedulingThroughput" classname="ClusterLoaderV2" time="0.004304314">
          <failure type="Failure">:0&#xA;[measurement call SchedulingThroughput - DirectSchedulingThroughput error: scheduler throughput: actual throughput 85.400000 lower than threshold 400.000000]&#xA;:0</failure>
      </testcase>
      <testcase name="pod-uc1-tenant: [step: 04] Collecting scheduler throughput measurements [04] - SchedulingThroughputPrometheus" classname="ClusterLoaderV2" time="0.39178229"></testcase>
      <testcase name="pod-uc1-tenant: [step: 05] Delete scheduler throughput pods" classname="ClusterLoaderV2" time="58.214238989"></testcase>
      <testcase name="pod-uc2-tenant overall (use-case/multi-tenancy/config.yaml)" classname="ClusterLoaderV2" time="441.256292324">
          <failure type="Failure">:0&#xA;[measurement call WaitForRunningPods - WaitForDirectSchedulerThroughputPods error: got context deadline exceeded while waiting for 30000 pods to be running in labelSelector(group = direct-scheduler-throughput) - summary of pods : Pods: 30000 out of 30000 created, 0 running (0 updated), 8107 pending scheduled, 21893 not scheduled, 0 inactive, 7786 terminating, 0 unknown, 0 runningButNotReady &#xA;measurement call SchedulingThroughput - DirectSchedulingThroughput error: scheduler throughput: actual throughput 45.200000 lower than threshold 400.000000]&#xA;:0</failure>
      </testcase>
      <testcase name="pod-uc2-tenant: [step: 01] Creating scheduler throughput measurements [00] - DirectSchedulingThroughput" classname="ClusterLoaderV2" time="0.400860342"></testcase>
      <testcase name="pod-uc2-tenant: [step: 01] Creating scheduler throughput measurements [01] - APIAvailability" classname="ClusterLoaderV2" time="0.000747519"></testcase>
      <testcase name="pod-uc2-tenant: [step: 01] Creating scheduler throughput measurements [02] - APIResponsivenessPrometheus" classname="ClusterLoaderV2" time="0.000555619"></testcase>
      <testcase name="pod-uc2-tenant: [step: 01] Creating scheduler throughput measurements [03] - SchedulingMetrics" classname="ClusterLoaderV2" time="0.083065577"></testcase>
      <testcase name="pod-uc2-tenant: [step: 01] Creating scheduler throughput measurements [04] - SchedulingThroughputPrometheus" classname="ClusterLoaderV2" time="0.000723964"></testcase>
      <testcase name="pod-uc2-tenant: [step: 02] create scheduler throughput pods" classname="ClusterLoaderV2" time="70.158945465"></testcase>
      <testcase name="pod-uc2-tenant: [step: 03] Waiting for scheduler throughput pods to be created [00] - WaitForDirectSchedulerThroughputPods" classname="ClusterLoaderV2" time="301.615840573">
          <failure type="Failure">:0&#xA;[measurement call WaitForRunningPods - WaitForDirectSchedulerThroughputPods error: got context deadline exceeded while waiting for 30000 pods to be running in labelSelector(group = direct-scheduler-throughput) - summary of pods : Pods: 30000 out of 30000 created, 0 running (0 updated), 8107 pending scheduled, 21893 not scheduled, 0 inactive, 7786 terminating, 0 unknown, 0 runningButNotReady ]&#xA;:0</failure>
      </testcase>
      <testcase name="pod-uc2-tenant: [step: 04] Collecting scheduler throughput measurements [00] - APIAvailability" classname="ClusterLoaderV2" time="0.153875225"></testcase>
      <testcase name="pod-uc2-tenant: [step: 04] Collecting scheduler throughput measurements [01] - APIResponsivenessPrometheus" classname="ClusterLoaderV2" time="0.444182483"></testcase>
      <testcase name="pod-uc2-tenant: [step: 04] Collecting scheduler throughput measurements [02] - SchedulingMetrics" classname="ClusterLoaderV2" time="0.09842224"></testcase>
      <testcase name="pod-uc2-tenant: [step: 04] Collecting scheduler throughput measurements [03] - DirectSchedulingThroughput" classname="ClusterLoaderV2" time="0.003194563">
          <failure type="Failure">:0&#xA;[measurement call SchedulingThroughput - DirectSchedulingThroughput error: scheduler throughput: actual throughput 45.200000 lower than threshold 400.000000]&#xA;:0</failure>
      </testcase>
      <testcase name="pod-uc2-tenant: [step: 04] Collecting scheduler throughput measurements [04] - SchedulingThroughputPrometheus" classname="ClusterLoaderV2" time="0.115042528"></testcase>
      <testcase name="pod-uc2-tenant: [step: 05] Delete scheduler throughput pods" classname="ClusterLoaderV2" time="58.27210354"></testcase>
  </testsuite>