<?xml version="1.0" encoding="UTF-8"?>
  <testsuite name="ClusterLoaderV2" tests="0" failures="9" errors="0" time="1884.493">
      <testcase name="vanilla overall (use-case/config.yaml)" classname="ClusterLoaderV2" time="992.510242758">
          <failure type="Failure">:0&#xA;[measurement call WaitForRunningPods - WaitForDirectSchedulerThroughputPods error: got context deadline exceeded while waiting for 30000 pods to be running in labelSelector(group = direct-scheduler-throughput) - summary of pods : Pods: 30000 out of 30000 created, 18391 running (18391 updated), 3 pending scheduled, 11606 not scheduled, 0 inactive, 0 terminating, 0 unknown, 0 runningButNotReady &#xA;measurement call SchedulingThroughput - DirectSchedulingThroughput error: scheduler throughput: actual throughput 145.000000 lower than threshold 400.000000]&#xA;:0</failure>
      </testcase>
      <testcase name="vanilla: [step: 01] Creating scheduler throughput measurements [00] - DirectSchedulingThroughput" classname="ClusterLoaderV2" time="0.055584052"></testcase>
      <testcase name="vanilla: [step: 01] Creating scheduler throughput measurements [01] - APIAvailability" classname="ClusterLoaderV2" time="0.004796646"></testcase>
      <testcase name="vanilla: [step: 01] Creating scheduler throughput measurements [02] - APIResponsivenessPrometheus" classname="ClusterLoaderV2" time="0.004820652"></testcase>
      <testcase name="vanilla: [step: 01] Creating scheduler throughput measurements [03] - SchedulingMetrics" classname="ClusterLoaderV2" time="0.068329892"></testcase>
      <testcase name="vanilla: [step: 01] Creating scheduler throughput measurements [04] - SchedulingThroughputPrometheus" classname="ClusterLoaderV2" time="0.004830577"></testcase>
      <testcase name="vanilla: [step: 01] Creating scheduler throughput measurements [05] - GatekeeperValidationRequestDuration" classname="ClusterLoaderV2" time="0.004945471"></testcase>
      <testcase name="vanilla: [step: 01] Creating scheduler throughput measurements [06] - GatekeeperMutationRequestDuration" classname="ClusterLoaderV2" time="0.004808985"></testcase>
      <testcase name="vanilla: [step: 02] create scheduler throughput pods" classname="ClusterLoaderV2" time="69.336372098"></testcase>
      <testcase name="vanilla: [step: 03] Waiting for scheduler throughput pods to be created [00] - WaitForDirectSchedulerThroughputPods" classname="ClusterLoaderV2" time="304.338745167">
          <failure type="Failure">:0&#xA;[measurement call WaitForRunningPods - WaitForDirectSchedulerThroughputPods error: got context deadline exceeded while waiting for 30000 pods to be running in labelSelector(group = direct-scheduler-throughput) - summary of pods : Pods: 30000 out of 30000 created, 18391 running (18391 updated), 3 pending scheduled, 11606 not scheduled, 0 inactive, 0 terminating, 0 unknown, 0 runningButNotReady ]&#xA;:0</failure>
      </testcase>
      <testcase name="vanilla: [step: 04] Collecting scheduler throughput measurements [00] - APIAvailability" classname="ClusterLoaderV2" time="0.003606745"></testcase>
      <testcase name="vanilla: [step: 04] Collecting scheduler throughput measurements [01] - APIResponsivenessPrometheus" classname="ClusterLoaderV2" time="0.474448766"></testcase>
      <testcase name="vanilla: [step: 04] Collecting scheduler throughput measurements [02] - SchedulingMetrics" classname="ClusterLoaderV2" time="0.07612331"></testcase>
      <testcase name="vanilla: [step: 04] Collecting scheduler throughput measurements [03] - DirectSchedulingThroughput" classname="ClusterLoaderV2" time="0.003316125">
          <failure type="Failure">:0&#xA;[measurement call SchedulingThroughput - DirectSchedulingThroughput error: scheduler throughput: actual throughput 145.000000 lower than threshold 400.000000]&#xA;:0</failure>
      </testcase>
      <testcase name="vanilla: [step: 04] Collecting scheduler throughput measurements [04] - SchedulingThroughputPrometheus" classname="ClusterLoaderV2" time="0.135930431"></testcase>
      <testcase name="vanilla: [step: 04] Collecting scheduler throughput measurements [05] - GatekeeperValidationRequestDuration" classname="ClusterLoaderV2" time="0.312994198"></testcase>
      <testcase name="vanilla: [step: 04] Collecting scheduler throughput measurements [06] - GatekeeperMutationRequestDuration" classname="ClusterLoaderV2" time="0.359150101"></testcase>
      <testcase name="vanilla: [step: 04] Collecting scheduler throughput measurements [07] - GatekeeperConstraintTemplateIngestionDuration" classname="ClusterLoaderV2" time="0.00361"></testcase>
      <testcase name="vanilla: [step: 05] Delete scheduler throughput pods" classname="ClusterLoaderV2" time="58.202068087"></testcase>
      <testcase name="pod-uc1-tenant overall (use-case/multi-tenancy/config.yaml)" classname="ClusterLoaderV2" time="446.58941034">
          <failure type="Failure">:0&#xA;[measurement call WaitForRunningPods - WaitForDirectSchedulerThroughputPods error: got context deadline exceeded while waiting for 30000 pods to be running in labelSelector(group = direct-scheduler-throughput) - summary of pods : Pods: 30000 out of 30000 created, 18416 running (18416 updated), 2 pending scheduled, 11582 not scheduled, 0 inactive, 0 terminating, 0 unknown, 0 runningButNotReady &#xA;measurement call SchedulingThroughput - DirectSchedulingThroughput error: scheduler throughput: actual throughput 69.000000 lower than threshold 400.000000]&#xA;:0</failure>
      </testcase>
      <testcase name="pod-uc1-tenant: [step: 01] Creating scheduler throughput measurements [00] - DirectSchedulingThroughput" classname="ClusterLoaderV2" time="0.05458686"></testcase>
      <testcase name="pod-uc1-tenant: [step: 01] Creating scheduler throughput measurements [01] - APIAvailability" classname="ClusterLoaderV2" time="0.00395372"></testcase>
      <testcase name="pod-uc1-tenant: [step: 01] Creating scheduler throughput measurements [02] - APIResponsivenessPrometheus" classname="ClusterLoaderV2" time="0.004017736"></testcase>
      <testcase name="pod-uc1-tenant: [step: 01] Creating scheduler throughput measurements [03] - SchedulingMetrics" classname="ClusterLoaderV2" time="0.063513571"></testcase>
      <testcase name="pod-uc1-tenant: [step: 01] Creating scheduler throughput measurements [04] - SchedulingThroughputPrometheus" classname="ClusterLoaderV2" time="0.003934781"></testcase>
      <testcase name="pod-uc1-tenant: [step: 01] Creating scheduler throughput measurements [05] - GatekeeperValidationRequestDuration" classname="ClusterLoaderV2" time="0.003994161"></testcase>
      <testcase name="pod-uc1-tenant: [step: 01] Creating scheduler throughput measurements [06] - GatekeeperMutationRequestDuration" classname="ClusterLoaderV2" time="0.004022263"></testcase>
      <testcase name="pod-uc1-tenant: [step: 02] create scheduler throughput pods" classname="ClusterLoaderV2" time="69.77126341"></testcase>
      <testcase name="pod-uc1-tenant: [step: 03] Waiting for scheduler throughput pods to be created [00] - WaitForDirectSchedulerThroughputPods" classname="ClusterLoaderV2" time="302.356441676">
          <failure type="Failure">:0&#xA;[measurement call WaitForRunningPods - WaitForDirectSchedulerThroughputPods error: got context deadline exceeded while waiting for 30000 pods to be running in labelSelector(group = direct-scheduler-throughput) - summary of pods : Pods: 30000 out of 30000 created, 18416 running (18416 updated), 2 pending scheduled, 11582 not scheduled, 0 inactive, 0 terminating, 0 unknown, 0 runningButNotReady ]&#xA;:0</failure>
      </testcase>
      <testcase name="pod-uc1-tenant: [step: 04] Collecting scheduler throughput measurements [00] - APIAvailability" classname="ClusterLoaderV2" time="0.003719215"></testcase>
      <testcase name="pod-uc1-tenant: [step: 04] Collecting scheduler throughput measurements [01] - APIResponsivenessPrometheus" classname="ClusterLoaderV2" time="1.039952016"></testcase>
      <testcase name="pod-uc1-tenant: [step: 04] Collecting scheduler throughput measurements [02] - SchedulingMetrics" classname="ClusterLoaderV2" time="0.159291237"></testcase>
      <testcase name="pod-uc1-tenant: [step: 04] Collecting scheduler throughput measurements [03] - DirectSchedulingThroughput" classname="ClusterLoaderV2" time="0.003698463">
          <failure type="Failure">:0&#xA;[measurement call SchedulingThroughput - DirectSchedulingThroughput error: scheduler throughput: actual throughput 69.000000 lower than threshold 400.000000]&#xA;:0</failure>
      </testcase>
      <testcase name="pod-uc1-tenant: [step: 04] Collecting scheduler throughput measurements [04] - SchedulingThroughputPrometheus" classname="ClusterLoaderV2" time="0.386548538"></testcase>
      <testcase name="pod-uc1-tenant: [step: 04] Collecting scheduler throughput measurements [05] - GatekeeperValidationRequestDuration" classname="ClusterLoaderV2" time="0.799204933"></testcase>
      <testcase name="pod-uc1-tenant: [step: 04] Collecting scheduler throughput measurements [06] - GatekeeperMutationRequestDuration" classname="ClusterLoaderV2" time="0.76011406"></testcase>
      <testcase name="pod-uc1-tenant: [step: 05] Delete scheduler throughput pods" classname="ClusterLoaderV2" time="58.200214269"></testcase>
      <testcase name="pod-uc2-tenant overall (use-case/multi-tenancy/config.yaml)" classname="ClusterLoaderV2" time="445.388908188">
          <failure type="Failure">:0&#xA;[measurement call WaitForRunningPods - WaitForDirectSchedulerThroughputPods error: got context deadline exceeded while waiting for 30000 pods to be running in labelSelector(group = direct-scheduler-throughput) - summary of pods : Pods: 30000 out of 30000 created, 0 running (0 updated), 8092 pending scheduled, 21908 not scheduled, 0 inactive, 10877 terminating, 0 unknown, 0 runningButNotReady &#xA;measurement call SchedulingThroughput - DirectSchedulingThroughput error: scheduler throughput: actual throughput 45.400000 lower than threshold 400.000000]&#xA;:0</failure>
      </testcase>
      <testcase name="pod-uc2-tenant: [step: 01] Creating scheduler throughput measurements [00] - DirectSchedulingThroughput" classname="ClusterLoaderV2" time="0.40171122"></testcase>
      <testcase name="pod-uc2-tenant: [step: 01] Creating scheduler throughput measurements [01] - APIAvailability" classname="ClusterLoaderV2" time="0.001098561"></testcase>
      <testcase name="pod-uc2-tenant: [step: 01] Creating scheduler throughput measurements [02] - APIResponsivenessPrometheus" classname="ClusterLoaderV2" time="0.001077219"></testcase>
      <testcase name="pod-uc2-tenant: [step: 01] Creating scheduler throughput measurements [03] - SchedulingMetrics" classname="ClusterLoaderV2" time="0.094388606"></testcase>
      <testcase name="pod-uc2-tenant: [step: 01] Creating scheduler throughput measurements [04] - SchedulingThroughputPrometheus" classname="ClusterLoaderV2" time="0.001048766"></testcase>
      <testcase name="pod-uc2-tenant: [step: 01] Creating scheduler throughput measurements [05] - GatekeeperValidationRequestDuration" classname="ClusterLoaderV2" time="0.001110339"></testcase>
      <testcase name="pod-uc2-tenant: [step: 01] Creating scheduler throughput measurements [06] - GatekeeperMutationRequestDuration" classname="ClusterLoaderV2" time="0.001012441"></testcase>
      <testcase name="pod-uc2-tenant: [step: 02] create scheduler throughput pods" classname="ClusterLoaderV2" time="68.4929626"></testcase>
      <testcase name="pod-uc2-tenant: [step: 03] Waiting for scheduler throughput pods to be created [00] - WaitForDirectSchedulerThroughputPods" classname="ClusterLoaderV2" time="301.361463554">
          <failure type="Failure">:0&#xA;[measurement call WaitForRunningPods - WaitForDirectSchedulerThroughputPods error: got context deadline exceeded while waiting for 30000 pods to be running in labelSelector(group = direct-scheduler-throughput) - summary of pods : Pods: 30000 out of 30000 created, 0 running (0 updated), 8092 pending scheduled, 21908 not scheduled, 0 inactive, 10877 terminating, 0 unknown, 0 runningButNotReady ]&#xA;:0</failure>
      </testcase>
      <testcase name="pod-uc2-tenant: [step: 04] Collecting scheduler throughput measurements [00] - APIAvailability" classname="ClusterLoaderV2" time="0.003443288"></testcase>
      <testcase name="pod-uc2-tenant: [step: 04] Collecting scheduler throughput measurements [01] - APIResponsivenessPrometheus" classname="ClusterLoaderV2" time="1.38161305"></testcase>
      <testcase name="pod-uc2-tenant: [step: 04] Collecting scheduler throughput measurements [02] - SchedulingMetrics" classname="ClusterLoaderV2" time="0.20861249"></testcase>
      <testcase name="pod-uc2-tenant: [step: 04] Collecting scheduler throughput measurements [03] - DirectSchedulingThroughput" classname="ClusterLoaderV2" time="0.003442116">
          <failure type="Failure">:0&#xA;[measurement call SchedulingThroughput - DirectSchedulingThroughput error: scheduler throughput: actual throughput 45.400000 lower than threshold 400.000000]&#xA;:0</failure>
      </testcase>
      <testcase name="pod-uc2-tenant: [step: 04] Collecting scheduler throughput measurements [04] - SchedulingThroughputPrometheus" classname="ClusterLoaderV2" time="0.507441475"></testcase>
      <testcase name="pod-uc2-tenant: [step: 04] Collecting scheduler throughput measurements [05] - GatekeeperValidationRequestDuration" classname="ClusterLoaderV2" time="1.016137277"></testcase>
      <testcase name="pod-uc2-tenant: [step: 04] Collecting scheduler throughput measurements [06] - GatekeeperMutationRequestDuration" classname="ClusterLoaderV2" time="0.98120193"></testcase>
      <testcase name="pod-uc2-tenant: [step: 05] Delete scheduler throughput pods" classname="ClusterLoaderV2" time="58.398711801"></testcase>
  </testsuite>