<?xml version="1.0" encoding="UTF-8"?>
  <testsuite name="ClusterLoaderV2" tests="0" failures="9" errors="0" time="364.373">
      <testcase name="vanilla overall (use-case/config.yaml)" classname="ClusterLoaderV2" time="17.3079741">
          <failure type="Failure">:0&#xA;[measurement call SchedulingThroughput - DirectSchedulingThroughput error: scheduler throughput: actual throughput 146.000000 lower than threshold 400.000000]&#xA;:0</failure>
      </testcase>
      <testcase name="vanilla: [step: 01] Creating scheduler throughput measurements [00] - DirectSchedulingThroughput" classname="ClusterLoaderV2" time="0.056223916"></testcase>
      <testcase name="vanilla: [step: 01] Creating scheduler throughput measurements [01] - APIAvailability" classname="ClusterLoaderV2" time="0.005083038"></testcase>
      <testcase name="vanilla: [step: 01] Creating scheduler throughput measurements [02] - APIResponsivenessPrometheus" classname="ClusterLoaderV2" time="0.005387649"></testcase>
      <testcase name="vanilla: [step: 01] Creating scheduler throughput measurements [03] - SchedulingMetrics" classname="ClusterLoaderV2" time="0.035861315"></testcase>
      <testcase name="vanilla: [step: 01] Creating scheduler throughput measurements [04] - SchedulingThroughputPrometheus" classname="ClusterLoaderV2" time="0.005420749"></testcase>
      <testcase name="vanilla: [step: 01] Creating scheduler throughput measurements [05] - GatekeeperValidationRequestDuration" classname="ClusterLoaderV2" time="0.005330512"></testcase>
      <testcase name="vanilla: [step: 01] Creating scheduler throughput measurements [06] - GatekeeperMutationRequestDuration" classname="ClusterLoaderV2" time="0.005341439"></testcase>
      <testcase name="vanilla: [step: 02] create scheduler throughput pods" classname="ClusterLoaderV2" time="1.055224791"></testcase>
      <testcase name="vanilla: [step: 03] Waiting for scheduler throughput pods to be created [00] - WaitForDirectSchedulerThroughputPods" classname="ClusterLoaderV2" time="5.052411125"></testcase>
      <testcase name="vanilla: [step: 04] Collecting scheduler throughput measurements [00] - APIAvailability" classname="ClusterLoaderV2" time="0.001447637"></testcase>
      <testcase name="vanilla: [step: 04] Collecting scheduler throughput measurements [01] - APIResponsivenessPrometheus" classname="ClusterLoaderV2" time="0.038835918"></testcase>
      <testcase name="vanilla: [step: 04] Collecting scheduler throughput measurements [02] - SchedulingMetrics" classname="ClusterLoaderV2" time="0.020830538"></testcase>
      <testcase name="vanilla: [step: 04] Collecting scheduler throughput measurements [03] - DirectSchedulingThroughput" classname="ClusterLoaderV2" time="0.001168575">
          <failure type="Failure">:0&#xA;[measurement call SchedulingThroughput - DirectSchedulingThroughput error: scheduler throughput: actual throughput 146.000000 lower than threshold 400.000000]&#xA;:0</failure>
      </testcase>
      <testcase name="vanilla: [step: 04] Collecting scheduler throughput measurements [04] - SchedulingThroughputPrometheus" classname="ClusterLoaderV2" time="0.007654734"></testcase>
      <testcase name="vanilla: [step: 04] Collecting scheduler throughput measurements [05] - GatekeeperValidationRequestDuration" classname="ClusterLoaderV2" time="0.020277012"></testcase>
      <testcase name="vanilla: [step: 04] Collecting scheduler throughput measurements [06] - GatekeeperMutationRequestDuration" classname="ClusterLoaderV2" time="0.020328059"></testcase>
      <testcase name="vanilla: [step: 04] Collecting scheduler throughput measurements [07] - GatekeeperConstraintTemplateIngestionDuration" classname="ClusterLoaderV2" time="0.001412083"></testcase>
      <testcase name="vanilla: [step: 05] Delete scheduler throughput pods" classname="ClusterLoaderV2" time="1.063410688"></testcase>
      <testcase name="pod-eu-region overall (use-case/config.yaml)" classname="ClusterLoaderV2" time="17.328194422">
          <failure type="Failure">:0&#xA;[measurement call SchedulingThroughput - DirectSchedulingThroughput error: scheduler throughput: actual throughput 148.000000 lower than threshold 400.000000]&#xA;:0</failure>
      </testcase>
      <testcase name="pod-eu-region: [step: 01] Creating scheduler throughput measurements [00] - DirectSchedulingThroughput" classname="ClusterLoaderV2" time="0.052190273"></testcase>
      <testcase name="pod-eu-region: [step: 01] Creating scheduler throughput measurements [01] - APIAvailability" classname="ClusterLoaderV2" time="0.001101754"></testcase>
      <testcase name="pod-eu-region: [step: 01] Creating scheduler throughput measurements [02] - APIResponsivenessPrometheus" classname="ClusterLoaderV2" time="0.000708039"></testcase>
      <testcase name="pod-eu-region: [step: 01] Creating scheduler throughput measurements [03] - SchedulingMetrics" classname="ClusterLoaderV2" time="0.036069189"></testcase>
      <testcase name="pod-eu-region: [step: 01] Creating scheduler throughput measurements [04] - SchedulingThroughputPrometheus" classname="ClusterLoaderV2" time="0.000863504"></testcase>
      <testcase name="pod-eu-region: [step: 01] Creating scheduler throughput measurements [05] - GatekeeperValidationRequestDuration" classname="ClusterLoaderV2" time="0.001182145"></testcase>
      <testcase name="pod-eu-region: [step: 01] Creating scheduler throughput measurements [06] - GatekeeperMutationRequestDuration" classname="ClusterLoaderV2" time="0.000831936"></testcase>
      <testcase name="pod-eu-region: [step: 02] create scheduler throughput pods" classname="ClusterLoaderV2" time="1.030582094"></testcase>
      <testcase name="pod-eu-region: [step: 03] Waiting for scheduler throughput pods to be created [00] - WaitForDirectSchedulerThroughputPods" classname="ClusterLoaderV2" time="5.051976563"></testcase>
      <testcase name="pod-eu-region: [step: 04] Collecting scheduler throughput measurements [00] - APIAvailability" classname="ClusterLoaderV2" time="0.001227604"></testcase>
      <testcase name="pod-eu-region: [step: 04] Collecting scheduler throughput measurements [01] - APIResponsivenessPrometheus" classname="ClusterLoaderV2" time="0.033624425"></testcase>
      <testcase name="pod-eu-region: [step: 04] Collecting scheduler throughput measurements [02] - SchedulingMetrics" classname="ClusterLoaderV2" time="0.023353229"></testcase>
      <testcase name="pod-eu-region: [step: 04] Collecting scheduler throughput measurements [03] - DirectSchedulingThroughput" classname="ClusterLoaderV2" time="0.001855232">
          <failure type="Failure">:0&#xA;[measurement call SchedulingThroughput - DirectSchedulingThroughput error: scheduler throughput: actual throughput 148.000000 lower than threshold 400.000000]&#xA;:0</failure>
      </testcase>
      <testcase name="pod-eu-region: [step: 04] Collecting scheduler throughput measurements [04] - SchedulingThroughputPrometheus" classname="ClusterLoaderV2" time="0.008441562"></testcase>
      <testcase name="pod-eu-region: [step: 04] Collecting scheduler throughput measurements [05] - GatekeeperValidationRequestDuration" classname="ClusterLoaderV2" time="0.014306432"></testcase>
      <testcase name="pod-eu-region: [step: 04] Collecting scheduler throughput measurements [06] - GatekeeperMutationRequestDuration" classname="ClusterLoaderV2" time="0.01405369"></testcase>
      <testcase name="pod-eu-region: [step: 04] Collecting scheduler throughput measurements [07] - GatekeeperConstraintTemplateIngestionDuration" classname="ClusterLoaderV2" time="0.001441277"></testcase>
      <testcase name="pod-eu-region: [step: 05] Delete scheduler throughput pods" classname="ClusterLoaderV2" time="1.088587122"></testcase>
      <testcase name="pod-us-region overall (use-case/config.yaml)" classname="ClusterLoaderV2" time="312.459255644">
          <failure type="Failure">:0&#xA;[measurement call WaitForRunningPods - WaitForDirectSchedulerThroughputPods error: got context deadline exceeded while waiting for 300 pods to be running in labelSelector(group = direct-scheduler-throughput) - summary of pods : Pods: 300 out of 300 created, 216 running (216 updated), 0 pending scheduled, 84 not scheduled, 0 inactive, 0 terminating, 0 unknown, 0 runningButNotReady &#xA;measurement call SchedulingThroughput - DirectSchedulingThroughput error: scheduler throughput: actual throughput 146.000000 lower than threshold 400.000000]&#xA;:0</failure>
      </testcase>
      <testcase name="pod-us-region: [step: 01] Creating scheduler throughput measurements [00] - DirectSchedulingThroughput" classname="ClusterLoaderV2" time="0.051577678"></testcase>
      <testcase name="pod-us-region: [step: 01] Creating scheduler throughput measurements [01] - APIAvailability" classname="ClusterLoaderV2" time="0.000715821"></testcase>
      <testcase name="pod-us-region: [step: 01] Creating scheduler throughput measurements [02] - APIResponsivenessPrometheus" classname="ClusterLoaderV2" time="0.001133833"></testcase>
      <testcase name="pod-us-region: [step: 01] Creating scheduler throughput measurements [03] - SchedulingMetrics" classname="ClusterLoaderV2" time="0.038843661"></testcase>
      <testcase name="pod-us-region: [step: 01] Creating scheduler throughput measurements [04] - SchedulingThroughputPrometheus" classname="ClusterLoaderV2" time="0.001110978"></testcase>
      <testcase name="pod-us-region: [step: 01] Creating scheduler throughput measurements [05] - GatekeeperValidationRequestDuration" classname="ClusterLoaderV2" time="0.000991308"></testcase>
      <testcase name="pod-us-region: [step: 01] Creating scheduler throughput measurements [06] - GatekeeperMutationRequestDuration" classname="ClusterLoaderV2" time="0.001146803"></testcase>
      <testcase name="pod-us-region: [step: 02] create scheduler throughput pods" classname="ClusterLoaderV2" time="1.074097864"></testcase>
      <testcase name="pod-us-region: [step: 03] Waiting for scheduler throughput pods to be created [00] - WaitForDirectSchedulerThroughputPods" classname="ClusterLoaderV2" time="300.002129266">
          <failure type="Failure">:0&#xA;[measurement call WaitForRunningPods - WaitForDirectSchedulerThroughputPods error: got context deadline exceeded while waiting for 300 pods to be running in labelSelector(group = direct-scheduler-throughput) - summary of pods : Pods: 300 out of 300 created, 216 running (216 updated), 0 pending scheduled, 84 not scheduled, 0 inactive, 0 terminating, 0 unknown, 0 runningButNotReady ]&#xA;:0</failure>
      </testcase>
      <testcase name="pod-us-region: [step: 04] Collecting scheduler throughput measurements [00] - APIAvailability" classname="ClusterLoaderV2" time="0.004544938"></testcase>
      <testcase name="pod-us-region: [step: 04] Collecting scheduler throughput measurements [01] - APIResponsivenessPrometheus" classname="ClusterLoaderV2" time="0.051611317"></testcase>
      <testcase name="pod-us-region: [step: 04] Collecting scheduler throughput measurements [02] - SchedulingMetrics" classname="ClusterLoaderV2" time="0.021905104"></testcase>
      <testcase name="pod-us-region: [step: 04] Collecting scheduler throughput measurements [03] - DirectSchedulingThroughput" classname="ClusterLoaderV2" time="0.004657729">
          <failure type="Failure">:0&#xA;[measurement call SchedulingThroughput - DirectSchedulingThroughput error: scheduler throughput: actual throughput 146.000000 lower than threshold 400.000000]&#xA;:0</failure>
      </testcase>
      <testcase name="pod-us-region: [step: 04] Collecting scheduler throughput measurements [04] - SchedulingThroughputPrometheus" classname="ClusterLoaderV2" time="0.012439799"></testcase>
      <testcase name="pod-us-region: [step: 04] Collecting scheduler throughput measurements [05] - GatekeeperValidationRequestDuration" classname="ClusterLoaderV2" time="0.01748922"></testcase>
      <testcase name="pod-us-region: [step: 04] Collecting scheduler throughput measurements [06] - GatekeeperMutationRequestDuration" classname="ClusterLoaderV2" time="0.017890557"></testcase>
      <testcase name="pod-us-region: [step: 04] Collecting scheduler throughput measurements [07] - GatekeeperConstraintTemplateIngestionDuration" classname="ClusterLoaderV2" time="0.004362502"></testcase>
      <testcase name="pod-us-region: [step: 05] Delete scheduler throughput pods" classname="ClusterLoaderV2" time="1.196922427"></testcase>
      <testcase name="pod-italynorth-region overall (use-case/config.yaml)" classname="ClusterLoaderV2" time="17.271765153">
          <failure type="Failure">:0&#xA;[measurement call SchedulingThroughput - DirectSchedulingThroughput error: scheduler throughput: actual throughput 147.000000 lower than threshold 400.000000]&#xA;:0</failure>
      </testcase>
      <testcase name="pod-italynorth-region: [step: 01] Creating scheduler throughput measurements [00] - DirectSchedulingThroughput" classname="ClusterLoaderV2" time="0.051243"></testcase>
      <testcase name="pod-italynorth-region: [step: 01] Creating scheduler throughput measurements [01] - APIAvailability" classname="ClusterLoaderV2" time="0.000818236"></testcase>
      <testcase name="pod-italynorth-region: [step: 01] Creating scheduler throughput measurements [02] - APIResponsivenessPrometheus" classname="ClusterLoaderV2" time="0.000882794"></testcase>
      <testcase name="pod-italynorth-region: [step: 01] Creating scheduler throughput measurements [03] - SchedulingMetrics" classname="ClusterLoaderV2" time="0.022162833"></testcase>
      <testcase name="pod-italynorth-region: [step: 01] Creating scheduler throughput measurements [04] - SchedulingThroughputPrometheus" classname="ClusterLoaderV2" time="0.000812978"></testcase>
      <testcase name="pod-italynorth-region: [step: 01] Creating scheduler throughput measurements [05] - GatekeeperValidationRequestDuration" classname="ClusterLoaderV2" time="0.000856975"></testcase>
      <testcase name="pod-italynorth-region: [step: 01] Creating scheduler throughput measurements [06] - GatekeeperMutationRequestDuration" classname="ClusterLoaderV2" time="0.00093994"></testcase>
      <testcase name="pod-italynorth-region: [step: 02] create scheduler throughput pods" classname="ClusterLoaderV2" time="1.03424436"></testcase>
      <testcase name="pod-italynorth-region: [step: 03] Waiting for scheduler throughput pods to be created [00] - WaitForDirectSchedulerThroughputPods" classname="ClusterLoaderV2" time="5.052448969"></testcase>
      <testcase name="pod-italynorth-region: [step: 04] Collecting scheduler throughput measurements [00] - APIAvailability" classname="ClusterLoaderV2" time="0.001315358"></testcase>
      <testcase name="pod-italynorth-region: [step: 04] Collecting scheduler throughput measurements [01] - APIResponsivenessPrometheus" classname="ClusterLoaderV2" time="0.033914162"></testcase>
      <testcase name="pod-italynorth-region: [step: 04] Collecting scheduler throughput measurements [02] - SchedulingMetrics" classname="ClusterLoaderV2" time="0.020598649"></testcase>
      <testcase name="pod-italynorth-region: [step: 04] Collecting scheduler throughput measurements [03] - DirectSchedulingThroughput" classname="ClusterLoaderV2" time="0.00156791">
          <failure type="Failure">:0&#xA;[measurement call SchedulingThroughput - DirectSchedulingThroughput error: scheduler throughput: actual throughput 147.000000 lower than threshold 400.000000]&#xA;:0</failure>
      </testcase>
      <testcase name="pod-italynorth-region: [step: 04] Collecting scheduler throughput measurements [04] - SchedulingThroughputPrometheus" classname="ClusterLoaderV2" time="0.007894701"></testcase>
      <testcase name="pod-italynorth-region: [step: 04] Collecting scheduler throughput measurements [05] - GatekeeperValidationRequestDuration" classname="ClusterLoaderV2" time="0.013138896"></testcase>
      <testcase name="pod-italynorth-region: [step: 04] Collecting scheduler throughput measurements [06] - GatekeeperMutationRequestDuration" classname="ClusterLoaderV2" time="0.012888588"></testcase>
      <testcase name="pod-italynorth-region: [step: 04] Collecting scheduler throughput measurements [07] - GatekeeperConstraintTemplateIngestionDuration" classname="ClusterLoaderV2" time="0.001458695"></testcase>
      <testcase name="pod-italynorth-region: [step: 05] Delete scheduler throughput pods" classname="ClusterLoaderV2" time="1.040105962"></testcase>
  </testsuite>