<?xml version="1.0" encoding="UTF-8"?>
  <testsuite name="ClusterLoaderV2" tests="0" failures="0" errors="0" time="21.246">
      <testcase name="test overall (config.yaml)" classname="ClusterLoaderV2" time="21.244153732"></testcase>
      <testcase name="test: [step: 01] Start measurements [00] - PodStartupLatency" classname="ClusterLoaderV2" time="0.106131633"></testcase>
      <testcase name="test: [step: 01] Start measurements [01] - WaitForControlledPodsRunning" classname="ClusterLoaderV2" time="0.206298453"></testcase>
      <testcase name="test: [step: 02] Create deployment" classname="ClusterLoaderV2" time="1.001709633"></testcase>
      <testcase name="test: [step: 03] Wait for pods to be running [00] - WaitForControlledPodsRunning" classname="ClusterLoaderV2" time="5.004355278"></testcase>
      <testcase name="test: [step: 04] Measure pod startup latency [00] - PodStartupLatency" classname="ClusterLoaderV2" time="0.00747167"></testcase>
  </testsuite>